<?xml version="1.0" encoding="UTF-8"?>
<coverage generated="1525969113986" clover="3.2.0">
  <project timestamp="1525969113986" name="All files">
    <metrics statements="253" coveredstatements="217" conditionals="130" coveredconditionals="101" methods="83" coveredmethods="55" elements="466" coveredelements="373" complexity="0" loc="253" ncloc="253" packages="10" files="33" classes="33">
      <package name="boilerplate">
        <metrics statements="1" coveredstatements="1" conditionals="0" coveredconditionals="0" methods="0" coveredmethods="0"/>
        <file name="testConfig.js" path="/Users/trevorlitsey/Documents/code/2 projects/boilerplate/testConfig.js">
          <metrics statements="1" coveredstatements="1" conditionals="0" coveredconditionals="0" methods="0" coveredmethods="0"/>
          <line num="4" count="19" type="stmt"/>
        </file>
      </package>
      <package name="boilerplate.sampleData">
        <metrics statements="5" coveredstatements="5" conditionals="0" coveredconditionals="0" methods="0" coveredmethods="0"/>
        <file name="dropResult.js" path="/Users/trevorlitsey/Documents/code/2 projects/boilerplate/sampleData/dropResult.js">
          <metrics statements="1" coveredstatements="1" conditionals="0" coveredconditionals="0" methods="0" coveredmethods="0"/>
          <line num="1" count="7" type="stmt"/>
        </file>
        <file name="index.js" path="/Users/trevorlitsey/Documents/code/2 projects/boilerplate/sampleData/index.js">
          <metrics statements="0" coveredstatements="0" conditionals="0" coveredconditionals="0" methods="0" coveredmethods="0"/>
        </file>
        <file name="preview.js" path="/Users/trevorlitsey/Documents/code/2 projects/boilerplate/sampleData/preview.js">
          <metrics statements="1" coveredstatements="1" conditionals="0" coveredconditionals="0" methods="0" coveredmethods="0"/>
          <line num="1" count="7" type="stmt"/>
        </file>
        <file name="snippet.js" path="/Users/trevorlitsey/Documents/code/2 projects/boilerplate/sampleData/snippet.js">
          <metrics statements="1" coveredstatements="1" conditionals="0" coveredconditionals="0" methods="0" coveredmethods="0"/>
          <line num="1" count="7" type="stmt"/>
        </file>
        <file name="snippets.js" path="/Users/trevorlitsey/Documents/code/2 projects/boilerplate/sampleData/snippets.js">
          <metrics statements="1" coveredstatements="1" conditionals="0" coveredconditionals="0" methods="0" coveredmethods="0"/>
          <line num="1" count="7" type="stmt"/>
        </file>
        <file name="tags.js" path="/Users/trevorlitsey/Documents/code/2 projects/boilerplate/sampleData/tags.js">
          <metrics statements="1" coveredstatements="1" conditionals="0" coveredconditionals="0" methods="0" coveredmethods="0"/>
          <line num="1" count="7" type="stmt"/>
        </file>
      </package>
      <package name="boilerplate.src">
        <metrics statements="12" coveredstatements="6" conditionals="0" coveredconditionals="0" methods="8" coveredmethods="0"/>
        <file name="firebase.js" path="/Users/trevorlitsey/Documents/code/2 projects/boilerplate/src/firebase.js">
          <metrics statements="12" coveredstatements="6" conditionals="0" coveredconditionals="0" methods="8" coveredmethods="0"/>
          <line num="5" count="5" type="stmt"/>
          <line num="14" count="5" type="stmt"/>
          <line num="19" count="5" type="stmt"/>
          <line num="20" count="0" type="stmt"/>
          <line num="23" count="0" type="stmt"/>
          <line num="27" count="5" type="stmt"/>
          <line num="28" count="0" type="stmt"/>
          <line num="29" count="0" type="stmt"/>
          <line num="33" count="5" type="stmt"/>
          <line num="34" count="0" type="stmt"/>
          <line num="37" count="0" type="stmt"/>
          <line num="41" count="5" type="stmt"/>
        </file>
      </package>
      <package name="boilerplate.src.components.layout">
        <metrics statements="14" coveredstatements="14" conditionals="8" coveredconditionals="7" methods="3" coveredmethods="3"/>
        <file name="Footer.js" path="/Users/trevorlitsey/Documents/code/2 projects/boilerplate/src/components/layout/Footer.js">
          <metrics statements="3" coveredstatements="3" conditionals="0" coveredconditionals="0" methods="1" coveredmethods="1"/>
          <line num="5" count="5" type="stmt"/>
          <line num="10" count="5" type="stmt"/>
          <line num="11" count="1" type="stmt"/>
        </file>
        <file name="Layout.js" path="/Users/trevorlitsey/Documents/code/2 projects/boilerplate/src/components/layout/Layout.js">
          <metrics statements="4" coveredstatements="4" conditionals="0" coveredconditionals="0" methods="1" coveredmethods="1"/>
          <line num="8" count="4" type="stmt"/>
          <line num="15" count="4" type="stmt"/>
          <line num="16" count="1" type="stmt"/>
          <line num="25" count="4" type="stmt"/>
        </file>
        <file name="Nav.js" path="/Users/trevorlitsey/Documents/code/2 projects/boilerplate/src/components/layout/Nav.js">
          <metrics statements="7" coveredstatements="7" conditionals="8" coveredconditionals="7" methods="1" coveredmethods="1"/>
          <line num="10" count="5" type="stmt"/>
          <line num="16" count="5" type="stmt"/>
          <line num="18" count="2" type="stmt"/>
          <line num="20" count="2" type="stmt"/>
          <line num="21" count="2" type="stmt"/>
          <line num="23" count="2" type="stmt"/>
          <line num="45" count="5" type="stmt"/>
        </file>
        <file name="index.js" path="/Users/trevorlitsey/Documents/code/2 projects/boilerplate/src/components/layout/index.js">
          <metrics statements="0" coveredstatements="0" conditionals="0" coveredconditionals="0" methods="0" coveredmethods="0"/>
        </file>
      </package>
      <package name="boilerplate.src.components.preview">
        <metrics statements="21" coveredstatements="21" conditionals="10" coveredconditionals="10" methods="4" coveredmethods="4"/>
        <file name="Document.js" path="/Users/trevorlitsey/Documents/code/2 projects/boilerplate/src/components/preview/Document.js">
          <metrics statements="8" coveredstatements="8" conditionals="6" coveredconditionals="6" methods="2" coveredmethods="2"/>
          <line num="8" count="2" type="stmt"/>
          <line num="40" count="4" type="stmt"/>
          <line num="42" count="4" type="cond" truecount="2" falsecount="0"/>
          <line num="43" count="1" type="stmt"/>
          <line num="52" count="3" type="cond" truecount="4" falsecount="0"/>
          <line num="53" count="1" type="stmt"/>
          <line num="63" count="2" type="stmt"/>
          <line num="67" count="4" type="stmt"/>
        </file>
        <file name="Jumbotron.js" path="/Users/trevorlitsey/Documents/code/2 projects/boilerplate/src/components/preview/Jumbotron.js">
          <metrics statements="10" coveredstatements="10" conditionals="4" coveredconditionals="4" methods="1" coveredmethods="1"/>
          <line num="8" count="2" type="stmt"/>
          <line num="36" count="2" type="stmt"/>
          <line num="38" count="4" type="stmt"/>
          <line num="41" count="4" type="stmt"/>
          <line num="52" count="4" type="cond" truecount="2" falsecount="0"/>
          <line num="53" count="1" type="stmt"/>
          <line num="61" count="3" type="cond" truecount="2" falsecount="0"/>
          <line num="62" count="2" type="stmt"/>
          <line num="77" count="1" type="stmt"/>
          <line num="89" count="2" type="stmt"/>
        </file>
        <file name="Section.js" path="/Users/trevorlitsey/Documents/code/2 projects/boilerplate/src/components/preview/Section.js">
          <metrics statements="3" coveredstatements="3" conditionals="0" coveredconditionals="0" methods="1" coveredmethods="1"/>
          <line num="5" count="3" type="stmt"/>
          <line num="24" count="2" type="stmt"/>
          <line num="26" count="2" type="stmt"/>
        </file>
        <file name="index.js" path="/Users/trevorlitsey/Documents/code/2 projects/boilerplate/src/components/preview/index.js">
          <metrics statements="0" coveredstatements="0" conditionals="0" coveredconditionals="0" methods="0" coveredmethods="0"/>
        </file>
      </package>
      <package name="boilerplate.src.components.preview.dragAndDrop">
        <metrics statements="36" coveredstatements="21" conditionals="24" coveredconditionals="12" methods="17" coveredmethods="2"/>
        <file name="PreviewDragAndDrop.js" path="/Users/trevorlitsey/Documents/code/2 projects/boilerplate/src/components/preview/dragAndDrop/PreviewDragAndDrop.js">
          <metrics statements="15" coveredstatements="7" conditionals="12" coveredconditionals="6" methods="6" coveredmethods="1"/>
          <line num="12" count="2" type="stmt"/>
          <line num="27" count="3" type="stmt"/>
          <line num="29" count="3" type="cond" truecount="2" falsecount="0"/>
          <line num="30" count="1" type="stmt"/>
          <line num="34" count="0" type="stmt"/>
          <line num="49" count="2" type="cond" truecount="4" falsecount="0"/>
          <line num="50" count="1" type="stmt"/>
          <line num="54" count="0" type="stmt"/>
          <line num="67" count="1" type="stmt"/>
          <line num="71" count="0" type="stmt"/>
          <line num="79" count="0" type="stmt"/>
          <line num="81" count="0" type="cond" truecount="0" falsecount="2"/>
          <line num="83" count="0" type="stmt"/>
          <line num="85" count="0" type="stmt"/>
          <line num="88" count="0" type="stmt"/>
        </file>
        <file name="SnippetDragAndDrop.js" path="/Users/trevorlitsey/Documents/code/2 projects/boilerplate/src/components/preview/dragAndDrop/SnippetDragAndDrop.js">
          <metrics statements="14" coveredstatements="7" conditionals="10" coveredconditionals="6" methods="6" coveredmethods="1"/>
          <line num="14" count="2" type="stmt"/>
          <line num="29" count="3" type="stmt"/>
          <line num="31" count="3" type="cond" truecount="2" falsecount="0"/>
          <line num="32" count="1" type="stmt"/>
          <line num="35" count="0" type="stmt"/>
          <line num="47" count="2" type="cond" truecount="4" falsecount="0"/>
          <line num="48" count="1" type="stmt"/>
          <line num="51" count="0" type="stmt"/>
          <line num="63" count="1" type="stmt"/>
          <line num="67" count="0" type="stmt"/>
          <line num="75" count="0" type="stmt"/>
          <line num="77" count="0" type="stmt"/>
          <line num="79" count="0" type="stmt"/>
          <line num="82" count="0" type="stmt"/>
        </file>
        <file name="styles.js" path="/Users/trevorlitsey/Documents/code/2 projects/boilerplate/src/components/preview/dragAndDrop/styles.js">
          <metrics statements="7" coveredstatements="7" conditionals="2" coveredconditionals="0" methods="5" coveredmethods="0"/>
          <line num="1" count="3" type="stmt"/>
          <line num="3" count="3" type="stmt"/>
          <line num="9" count="3" type="stmt"/>
          <line num="18" count="3" type="stmt"/>
          <line num="25" count="3" type="stmt"/>
          <line num="31" count="3" type="stmt"/>
          <line num="40" count="3" type="stmt"/>
        </file>
      </package>
      <package name="boilerplate.src.components.shared">
        <metrics statements="3" coveredstatements="3" conditionals="0" coveredconditionals="0" methods="1" coveredmethods="1"/>
        <file name="Spinner.js" path="/Users/trevorlitsey/Documents/code/2 projects/boilerplate/src/components/shared/Spinner.js">
          <metrics statements="3" coveredstatements="3" conditionals="0" coveredconditionals="0" methods="1" coveredmethods="1"/>
          <line num="6" count="8" type="stmt"/>
          <line num="17" count="8" type="stmt"/>
          <line num="18" count="1" type="stmt"/>
        </file>
        <file name="index.js" path="/Users/trevorlitsey/Documents/code/2 projects/boilerplate/src/components/shared/index.js">
          <metrics statements="0" coveredstatements="0" conditionals="0" coveredconditionals="0" methods="0" coveredmethods="0"/>
        </file>
      </package>
      <package name="boilerplate.src.components.snippets">
        <metrics statements="67" coveredstatements="66" conditionals="35" coveredconditionals="34" methods="21" coveredmethods="20"/>
        <file name="Card.js" path="/Users/trevorlitsey/Documents/code/2 projects/boilerplate/src/components/snippets/Card.js">
          <metrics statements="9" coveredstatements="9" conditionals="4" coveredconditionals="4" methods="4" coveredmethods="4"/>
          <line num="5" count="3" type="stmt"/>
          <line num="7" count="3" type="stmt"/>
          <line num="13" count="3" type="stmt"/>
          <line num="14" count="1" type="stmt"/>
          <line num="17" count="3" type="stmt"/>
          <line num="18" count="6" type="stmt"/>
          <line num="22" count="1" type="stmt"/>
          <line num="24" count="18" type="cond" truecount="2" falsecount="0"/>
          <line num="30" count="3" type="stmt"/>
        </file>
        <file name="NewSnippetButton.js" path="/Users/trevorlitsey/Documents/code/2 projects/boilerplate/src/components/snippets/NewSnippetButton.js">
          <metrics statements="5" coveredstatements="5" conditionals="0" coveredconditionals="0" methods="1" coveredmethods="1"/>
          <line num="5" count="2" type="stmt"/>
          <line num="18" count="2" type="stmt"/>
          <line num="23" count="2" type="stmt"/>
          <line num="24" count="2" type="stmt"/>
          <line num="29" count="2" type="stmt"/>
        </file>
        <file name="SearchBar.js" path="/Users/trevorlitsey/Documents/code/2 projects/boilerplate/src/components/snippets/SearchBar.js">
          <metrics statements="4" coveredstatements="4" conditionals="0" coveredconditionals="0" methods="1" coveredmethods="1"/>
          <line num="7" count="2" type="stmt"/>
          <line num="23" count="2" type="stmt"/>
          <line num="24" count="2" type="stmt"/>
          <line num="40" count="2" type="stmt"/>
        </file>
        <file name="SignInMessage.js" path="/Users/trevorlitsey/Documents/code/2 projects/boilerplate/src/components/snippets/SignInMessage.js">
          <metrics statements="3" coveredstatements="3" conditionals="0" coveredconditionals="0" methods="1" coveredmethods="1"/>
          <line num="6" count="2" type="stmt"/>
          <line num="22" count="2" type="stmt"/>
          <line num="23" count="1" type="stmt"/>
        </file>
        <file name="SnippetModal.js" path="/Users/trevorlitsey/Documents/code/2 projects/boilerplate/src/components/snippets/SnippetModal.js">
          <metrics statements="28" coveredstatements="27" conditionals="22" coveredconditionals="21" methods="9" coveredmethods="8"/>
          <line num="11" count="2" type="stmt"/>
          <line num="29" count="9" type="cond" truecount="3" falsecount="1"/>
          <line num="31" count="9" type="stmt"/>
          <line num="44" count="1" type="stmt"/>
          <line num="48" count="1" type="stmt"/>
          <line num="49" count="1" type="stmt"/>
          <line num="50" count="1" type="stmt"/>
          <line num="51" count="1" type="stmt"/>
          <line num="52" count="1" type="stmt"/>
          <line num="56" count="1" type="stmt"/>
          <line num="60" count="4" type="stmt"/>
          <line num="61" count="4" type="stmt"/>
          <line num="62" count="4" type="cond" truecount="4" falsecount="0"/>
          <line num="63" count="2" type="stmt"/>
          <line num="66" count="2" type="stmt"/>
          <line num="73" count="2" type="cond" truecount="2" falsecount="0"/>
          <line num="77" count="2" type="stmt"/>
          <line num="78" count="2" type="stmt"/>
          <line num="82" count="3" type="stmt"/>
          <line num="86" count="3" type="stmt"/>
          <line num="87" count="3" type="stmt"/>
          <line num="92" count="16" type="stmt"/>
          <line num="93" count="16" type="stmt"/>
          <line num="95" count="16" type="stmt"/>
          <line num="96" count="48" type="stmt"/>
          <line num="98" count="16" type="stmt"/>
          <line num="100" count="16" type="stmt"/>
          <line num="112" count="0" type="stmt"/>
        </file>
        <file name="SnippetWell.js" path="/Users/trevorlitsey/Documents/code/2 projects/boilerplate/src/components/snippets/SnippetWell.js">
          <metrics statements="18" coveredstatements="18" conditionals="9" coveredconditionals="9" methods="5" coveredmethods="5"/>
          <line num="10" count="2" type="stmt"/>
          <line num="22" count="2" type="stmt"/>
          <line num="35" count="2" type="stmt"/>
          <line num="37" count="12" type="stmt"/>
          <line num="39" count="9" type="stmt"/>
          <line num="44" count="12" type="stmt"/>
          <line num="46" count="12" type="stmt"/>
          <line num="48" count="12" type="cond" truecount="5" falsecount="0"/>
          <line num="49" count="9" type="stmt"/>
          <line num="55" count="2" type="stmt"/>
          <line num="57" count="5" type="cond" truecount="2" falsecount="0"/>
          <line num="58" count="1" type="stmt"/>
          <line num="65" count="4" type="cond" truecount="2" falsecount="0"/>
          <line num="66" count="1" type="stmt"/>
          <line num="75" count="3" type="stmt"/>
          <line num="78" count="12" type="stmt"/>
          <line num="80" count="9" type="stmt"/>
          <line num="86" count="2" type="stmt"/>
        </file>
        <file name="index.js" path="/Users/trevorlitsey/Documents/code/2 projects/boilerplate/src/components/snippets/index.js">
          <metrics statements="0" coveredstatements="0" conditionals="0" coveredconditionals="0" methods="0" coveredmethods="0"/>
        </file>
      </package>
      <package name="boilerplate.src.pages">
        <metrics statements="90" coveredstatements="76" conditionals="53" coveredconditionals="38" methods="29" coveredmethods="25"/>
        <file name="Index.js" path="/Users/trevorlitsey/Documents/code/2 projects/boilerplate/src/pages/Index.js">
          <metrics statements="32" coveredstatements="26" conditionals="18" coveredconditionals="12" methods="9" coveredmethods="7"/>
          <line num="13" count="1" type="stmt"/>
          <line num="47" count="6" type="stmt"/>
          <line num="49" count="6" type="stmt"/>
          <line num="51" count="6" type="cond" truecount="1" falsecount="1"/>
          <line num="53" count="0" type="stmt"/>
          <line num="55" count="0" type="stmt"/>
          <line num="57" count="0" type="stmt"/>
          <line num="60" count="6" type="cond" truecount="1" falsecount="1"/>
          <line num="61" count="6" type="stmt"/>
          <line num="75" count="6" type="stmt"/>
          <line num="76" count="6" type="stmt"/>
          <line num="80" count="0" type="stmt"/>
          <line num="81" count="0" type="cond" truecount="0" falsecount="2"/>
          <line num="82" count="0" type="stmt"/>
          <line num="86" count="6" type="stmt"/>
          <line num="90" count="1" type="stmt"/>
          <line num="91" count="1" type="stmt"/>
          <line num="93" count="1" type="stmt"/>
          <line num="100" count="1" type="stmt"/>
          <line num="104" count="2" type="cond" truecount="2" falsecount="0"/>
          <line num="105" count="1" type="stmt"/>
          <line num="107" count="1" type="stmt"/>
          <line num="113" count="2" type="cond" truecount="2" falsecount="0"/>
          <line num="115" count="1" type="stmt"/>
          <line num="117" count="1" type="stmt"/>
          <line num="122" count="20" type="stmt"/>
          <line num="131" count="20" type="stmt"/>
          <line num="133" count="20" type="stmt"/>
          <line num="135" count="20" type="stmt"/>
          <line num="137" count="20" type="cond" truecount="2" falsecount="0"/>
          <line num="138" count="7" type="stmt"/>
          <line num="145" count="13" type="stmt"/>
        </file>
        <file name="NotFound.js" path="/Users/trevorlitsey/Documents/code/2 projects/boilerplate/src/pages/NotFound.js">
          <metrics statements="2" coveredstatements="2" conditionals="0" coveredconditionals="0" methods="1" coveredmethods="1"/>
          <line num="6" count="1" type="stmt"/>
          <line num="7" count="1" type="stmt"/>
        </file>
        <file name="Snippets.js" path="/Users/trevorlitsey/Documents/code/2 projects/boilerplate/src/pages/Snippets.js">
          <metrics statements="38" coveredstatements="30" conditionals="28" coveredconditionals="19" methods="12" coveredmethods="10"/>
          <line num="28" count="10" type="stmt"/>
          <line num="29" count="10" type="stmt"/>
          <line num="31" count="10" type="cond" truecount="1" falsecount="1"/>
          <line num="32" count="0" type="stmt"/>
          <line num="33" count="0" type="stmt"/>
          <line num="35" count="0" type="cond" truecount="0" falsecount="2"/>
          <line num="36" count="0" type="stmt"/>
          <line num="37" count="0" type="stmt"/>
          <line num="39" count="0" type="stmt"/>
          <line num="42" count="10" type="cond" truecount="1" falsecount="1"/>
          <line num="48" count="0" type="cond" truecount="0" falsecount="2"/>
          <line num="49" count="0" type="stmt"/>
          <line num="53" count="1" type="stmt"/>
          <line num="57" count="2" type="stmt"/>
          <line num="61" count="1" type="stmt"/>
          <line num="62" count="1" type="stmt"/>
          <line num="63" count="1" type="stmt"/>
          <line num="67" count="1" type="stmt"/>
          <line num="68" count="1" type="stmt"/>
          <line num="69" count="1" type="stmt"/>
          <line num="73" count="1" type="stmt"/>
          <line num="74" count="1" type="stmt"/>
          <line num="75" count="1" type="stmt"/>
          <line num="76" count="1" type="stmt"/>
          <line num="78" count="1" type="cond" truecount="1" falsecount="1"/>
          <line num="79" count="1" type="stmt"/>
          <line num="84" count="1" type="stmt"/>
          <line num="85" count="1" type="stmt"/>
          <line num="86" count="1" type="stmt"/>
          <line num="87" count="1" type="stmt"/>
          <line num="91" count="1" type="stmt"/>
          <line num="96" count="27" type="stmt"/>
          <line num="105" count="27" type="stmt"/>
          <line num="107" count="27" type="cond" truecount="2" falsecount="0"/>
          <line num="108" count="1" type="stmt"/>
          <line num="115" count="26" type="cond" truecount="5" falsecount="0"/>
          <line num="116" count="11" type="stmt"/>
          <line num="123" count="15" type="stmt"/>
        </file>
        <file name="helpers.js" path="/Users/trevorlitsey/Documents/code/2 projects/boilerplate/src/pages/helpers.js">
          <metrics statements="18" coveredstatements="18" conditionals="7" coveredconditionals="7" methods="7" coveredmethods="7"/>
          <line num="1" count="2" type="stmt"/>
          <line num="2" count="3" type="stmt"/>
          <line num="4" count="3" type="stmt"/>
          <line num="5" count="3" type="stmt"/>
          <line num="7" count="3" type="stmt"/>
          <line num="10" count="2" type="cond" truecount="1" falsecount="0"/>
          <line num="12" count="5" type="cond" truecount="2" falsecount="0"/>
          <line num="13" count="2" type="stmt"/>
          <line num="17" count="5" type="stmt"/>
          <line num="18" count="6" type="stmt"/>
          <line num="20" count="5" type="stmt"/>
          <line num="21" count="7" type="cond" truecount="4" falsecount="0"/>
          <line num="22" count="2" type="stmt"/>
          <line num="26" count="5" type="stmt"/>
          <line num="29" count="2" type="stmt"/>
          <line num="30" count="21" type="stmt"/>
          <line num="31" count="2" type="stmt"/>
          <line num="33" count="21" type="stmt"/>
        </file>
      </package>
      <package name="boilerplate.src.styles">
        <metrics statements="4" coveredstatements="4" conditionals="0" coveredconditionals="0" methods="0" coveredmethods="0"/>
        <file name="components.js" path="/Users/trevorlitsey/Documents/code/2 projects/boilerplate/src/styles/components.js">
          <metrics statements="4" coveredstatements="4" conditionals="0" coveredconditionals="0" methods="0" coveredmethods="0"/>
          <line num="3" count="4" type="stmt"/>
          <line num="7" count="4" type="stmt"/>
          <line num="12" count="4" type="stmt"/>
          <line num="20" count="4" type="stmt"/>
        </file>
      </package>
    </metrics>
  </project>
</coverage>
