{"/Users/trevorlitsey/Documents/code/2 projects/boilerplate/testConfig.js": {"path":"/Users/trevorlitsey/Documents/code/2 projects/boilerplate/testConfig.js","statementMap":{"0":{"start":{"line":4,"column":0},"end":{"line":4,"column":45}}},"fnMap":{},"branchMap":{},"s":{"0":19},"f":{},"b":{},"_coverageSchema":"332fd63041d2c1bcb487cc26dd0d5f7d97098a6c","hash":"c5a4e1ab5aa2a497c5c658644568ae27b349ffdd"}
,"/Users/trevorlitsey/Documents/code/2 projects/boilerplate/sampleData/dropResult.js": {"path":"/Users/trevorlitsey/Documents/code/2 projects/boilerplate/sampleData/dropResult.js","statementMap":{"0":{"start":{"line":1,"column":19},"end":{"line":13,"column":1}}},"fnMap":{},"branchMap":{},"s":{"0":7},"f":{},"b":{},"_coverageSchema":"332fd63041d2c1bcb487cc26dd0d5f7d97098a6c","hash":"ad3673f213c21eadea8aa0da53c0213e5a00b325"}
,"/Users/trevorlitsey/Documents/code/2 projects/boilerplate/sampleData/index.js": {"path":"/Users/trevorlitsey/Documents/code/2 projects/boilerplate/sampleData/index.js","statementMap":{},"fnMap":{},"branchMap":{},"s":{},"f":{},"b":{},"_coverageSchema":"332fd63041d2c1bcb487cc26dd0d5f7d97098a6c","hash":"6d6c16c7ef5c85f9513af96b6236279d15712b1f"}
,"/Users/trevorlitsey/Documents/code/2 projects/boilerplate/sampleData/preview.js": {"path":"/Users/trevorlitsey/Documents/code/2 projects/boilerplate/sampleData/preview.js","statementMap":{"0":{"start":{"line":1,"column":16},"end":{"line":4,"column":1}}},"fnMap":{},"branchMap":{},"s":{"0":7},"f":{},"b":{},"_coverageSchema":"332fd63041d2c1bcb487cc26dd0d5f7d97098a6c","hash":"54b0c77e937e4354d7b5f6271b0db1c17cfd39f1"}
,"/Users/trevorlitsey/Documents/code/2 projects/boilerplate/sampleData/snippet.js": {"path":"/Users/trevorlitsey/Documents/code/2 projects/boilerplate/sampleData/snippet.js","statementMap":{"0":{"start":{"line":1,"column":16},"end":{"line":9,"column":1}}},"fnMap":{},"branchMap":{},"s":{"0":7},"f":{},"b":{},"_coverageSchema":"332fd63041d2c1bcb487cc26dd0d5f7d97098a6c","hash":"e9c83f65983383286ff550c081f6004874502b47"}
,"/Users/trevorlitsey/Documents/code/2 projects/boilerplate/sampleData/snippets.js": {"path":"/Users/trevorlitsey/Documents/code/2 projects/boilerplate/sampleData/snippets.js","statementMap":{"0":{"start":{"line":1,"column":17},"end":{"line":26,"column":1}}},"fnMap":{},"branchMap":{},"s":{"0":7},"f":{},"b":{},"_coverageSchema":"332fd63041d2c1bcb487cc26dd0d5f7d97098a6c","hash":"fa343ec5daf20e3c8470da40b13c312e0fe032b0"}
,"/Users/trevorlitsey/Documents/code/2 projects/boilerplate/sampleData/tags.js": {"path":"/Users/trevorlitsey/Documents/code/2 projects/boilerplate/sampleData/tags.js","statementMap":{"0":{"start":{"line":1,"column":13},"end":{"line":5,"column":1}}},"fnMap":{},"branchMap":{},"s":{"0":7},"f":{},"b":{},"_coverageSchema":"332fd63041d2c1bcb487cc26dd0d5f7d97098a6c","hash":"be1fdc0d3b81cabb8932f772e9b913c69a4f70b2"}
,"/Users/trevorlitsey/Documents/code/2 projects/boilerplate/src/firebase.js": {"path":"/Users/trevorlitsey/Documents/code/2 projects/boilerplate/src/firebase.js","statementMap":{"0":{"start":{"line":5,"column":12},"end":{"line":12,"column":2}},"1":{"start":{"line":14,"column":17},"end":{"line":14,"column":55}},"2":{"start":{"line":19,"column":22},"end":{"line":25,"column":1}},"3":{"start":{"line":20,"column":1},"end":{"line":24,"column":4}},"4":{"start":{"line":23,"column":2},"end":{"line":23,"column":30}},"5":{"start":{"line":27,"column":42},"end":{"line":31,"column":1}},"6":{"start":{"line":28,"column":1},"end":{"line":30,"column":4}},"7":{"start":{"line":29,"column":2},"end":{"line":29,"column":27}},"8":{"start":{"line":33,"column":23},"end":{"line":39,"column":1}},"9":{"start":{"line":34,"column":1},"end":{"line":38,"column":4}},"10":{"start":{"line":37,"column":2},"end":{"line":37,"column":23}},"11":{"start":{"line":41,"column":18},"end":{"line":41,"column":33}}},"fnMap":{"0":{"name":"(anonymous_0)","decl":{"start":{"line":19,"column":22},"end":{"line":19,"column":23}},"loc":{"start":{"line":19,"column":28},"end":{"line":25,"column":1}},"line":19},"1":{"name":"(anonymous_1)","decl":{"start":{"line":20,"column":48},"end":{"line":20,"column":49}},"loc":{"start":{"line":20,"column":60},"end":{"line":22,"column":2}},"line":20},"2":{"name":"(anonymous_2)","decl":{"start":{"line":22,"column":10},"end":{"line":22,"column":11}},"loc":{"start":{"line":22,"column":21},"end":{"line":24,"column":2}},"line":22},"3":{"name":"(anonymous_3)","decl":{"start":{"line":27,"column":42},"end":{"line":27,"column":43}},"loc":{"start":{"line":27,"column":63},"end":{"line":31,"column":1}},"line":27},"4":{"name":"(anonymous_4)","decl":{"start":{"line":28,"column":67},"end":{"line":28,"column":68}},"loc":{"start":{"line":28,"column":76},"end":{"line":30,"column":2}},"line":28},"5":{"name":"(anonymous_5)","decl":{"start":{"line":33,"column":23},"end":{"line":33,"column":24}},"loc":{"start":{"line":33,"column":29},"end":{"line":39,"column":1}},"line":33},"6":{"name":"(anonymous_6)","decl":{"start":{"line":34,"column":32},"end":{"line":34,"column":33}},"loc":{"start":{"line":34,"column":38},"end":{"line":36,"column":2}},"line":34},"7":{"name":"(anonymous_7)","decl":{"start":{"line":36,"column":10},"end":{"line":36,"column":11}},"loc":{"start":{"line":36,"column":21},"end":{"line":38,"column":2}},"line":36}},"branchMap":{},"s":{"0":5,"1":5,"2":5,"3":0,"4":0,"5":5,"6":0,"7":0,"8":5,"9":0,"10":0,"11":5},"f":{"0":0,"1":0,"2":0,"3":0,"4":0,"5":0,"6":0,"7":0},"b":{},"_coverageSchema":"332fd63041d2c1bcb487cc26dd0d5f7d97098a6c","hash":"2d20dfb5e00a4f31eced8cb8aff56e7ade64552c"}
,"/Users/trevorlitsey/Documents/code/2 projects/boilerplate/src/components/layout/Footer.js": {"path":"/Users/trevorlitsey/Documents/code/2 projects/boilerplate/src/components/layout/Footer.js","statementMap":{"0":{"start":{"line":5,"column":10},"end":{"line":8,"column":1}},"1":{"start":{"line":10,"column":15},"end":{"line":12,"column":1}},"2":{"start":{"line":11,"column":1},"end":{"line":11,"column":167}}},"fnMap":{"0":{"name":"(anonymous_0)","decl":{"start":{"line":10,"column":15},"end":{"line":10,"column":16}},"loc":{"start":{"line":11,"column":1},"end":{"line":11,"column":167}},"line":11}},"branchMap":{},"s":{"0":5,"1":5,"2":1},"f":{"0":1},"b":{},"_coverageSchema":"332fd63041d2c1bcb487cc26dd0d5f7d97098a6c","hash":"1fc91acc28881e3371c24e6ffdc2049220a61a85"}
,"/Users/trevorlitsey/Documents/code/2 projects/boilerplate/src/components/layout/Layout.js": {"path":"/Users/trevorlitsey/Documents/code/2 projects/boilerplate/src/components/layout/Layout.js","statementMap":{"0":{"start":{"line":8,"column":16},"end":{"line":13,"column":1}},"1":{"start":{"line":15,"column":15},"end":{"line":23,"column":1}},"2":{"start":{"line":16,"column":1},"end":{"line":22,"column":7}},"3":{"start":{"line":25,"column":0},"end":{"line":28,"column":1}}},"fnMap":{"0":{"name":"(anonymous_0)","decl":{"start":{"line":15,"column":15},"end":{"line":15,"column":16}},"loc":{"start":{"line":16,"column":1},"end":{"line":22,"column":7}},"line":16}},"branchMap":{},"s":{"0":4,"1":4,"2":1,"3":4},"f":{"0":1},"b":{},"_coverageSchema":"332fd63041d2c1bcb487cc26dd0d5f7d97098a6c","hash":"1a0b138791953c0e6f5b386fa6e6c0ced527d01d"}
,"/Users/trevorlitsey/Documents/code/2 projects/boilerplate/src/components/layout/Nav.js": {"path":"/Users/trevorlitsey/Documents/code/2 projects/boilerplate/src/components/layout/Nav.js","statementMap":{"0":{"start":{"line":10,"column":18},"end":{"line":14,"column":1}},"1":{"start":{"line":16,"column":12},"end":{"line":43,"column":1}},"2":{"start":{"line":18,"column":22},"end":{"line":18,"column":30}},"3":{"start":{"line":20,"column":22},"end":{"line":20,"column":181}},"4":{"start":{"line":21,"column":23},"end":{"line":21,"column":172}},"5":{"start":{"line":23,"column":1},"end":{"line":42,"column":2}},"6":{"start":{"line":45,"column":0},"end":{"line":48,"column":1}}},"fnMap":{"0":{"name":"(anonymous_0)","decl":{"start":{"line":16,"column":12},"end":{"line":16,"column":13}},"loc":{"start":{"line":16,"column":36},"end":{"line":43,"column":1}},"line":16}},"branchMap":{"0":{"loc":{"start":{"line":29,"column":33},"end":{"line":29,"column":61}},"type":"binary-expr","locations":[{"start":{"line":29,"column":33},"end":{"line":29,"column":49}},{"start":{"line":29,"column":53},"end":{"line":29,"column":61}}],"line":29},"1":{"loc":{"start":{"line":32,"column":33},"end":{"line":32,"column":69}},"type":"binary-expr","locations":[{"start":{"line":32,"column":33},"end":{"line":32,"column":57}},{"start":{"line":32,"column":61},"end":{"line":32,"column":69}}],"line":32},"2":{"loc":{"start":{"line":38,"column":6},"end":{"line":38,"column":62}},"type":"cond-expr","locations":[{"start":{"line":38,"column":34},"end":{"line":38,"column":47}},{"start":{"line":38,"column":50},"end":{"line":38,"column":62}}],"line":38},"3":{"loc":{"start":{"line":38,"column":6},"end":{"line":38,"column":31}},"type":"binary-expr","locations":[{"start":{"line":38,"column":6},"end":{"line":38,"column":10}},{"start":{"line":38,"column":14},"end":{"line":38,"column":31}}],"line":38}},"s":{"0":5,"1":5,"2":2,"3":2,"4":2,"5":2,"6":5},"f":{"0":2},"b":{"0":[2,0],"1":[2,2],"2":[1,1],"3":[2,1]},"_coverageSchema":"332fd63041d2c1bcb487cc26dd0d5f7d97098a6c","hash":"91a18fca8b95ad32f04a057a57b8c210aa358214"}
,"/Users/trevorlitsey/Documents/code/2 projects/boilerplate/src/components/layout/index.js": {"path":"/Users/trevorlitsey/Documents/code/2 projects/boilerplate/src/components/layout/index.js","statementMap":{},"fnMap":{},"branchMap":{},"s":{},"f":{},"b":{},"_coverageSchema":"332fd63041d2c1bcb487cc26dd0d5f7d97098a6c","hash":"20270d0d19f4a7d4bf8e1ebe5a07e7c9e2b1dad4"}
,"/Users/trevorlitsey/Documents/code/2 projects/boilerplate/src/components/preview/Document.js": {"path":"/Users/trevorlitsey/Documents/code/2 projects/boilerplate/src/components/preview/Document.js","statementMap":{"0":{"start":{"line":8,"column":18},"end":{"line":28,"column":1}},"1":{"start":{"line":40,"column":44},"end":{"line":40,"column":54}},"2":{"start":{"line":42,"column":2},"end":{"line":50,"column":3}},"3":{"start":{"line":43,"column":3},"end":{"line":49,"column":4}},"4":{"start":{"line":52,"column":2},"end":{"line":61,"column":3}},"5":{"start":{"line":53,"column":3},"end":{"line":60,"column":4}},"6":{"start":{"line":63,"column":2},"end":{"line":76,"column":3}},"7":{"start":{"line":67,"column":6},"end":{"line":72,"column":8}}},"fnMap":{"0":{"name":"(anonymous_0)","decl":{"start":{"line":38,"column":1},"end":{"line":38,"column":2}},"loc":{"start":{"line":38,"column":10},"end":{"line":77,"column":2}},"line":38},"1":{"name":"(anonymous_1)","decl":{"start":{"line":66,"column":21},"end":{"line":66,"column":22}},"loc":{"start":{"line":67,"column":6},"end":{"line":72,"column":8}},"line":67}},"branchMap":{"0":{"loc":{"start":{"line":42,"column":2},"end":{"line":50,"column":3}},"type":"if","locations":[{"start":{"line":42,"column":2},"end":{"line":50,"column":3}},{"start":{"line":42,"column":2},"end":{"line":50,"column":3}}],"line":42},"1":{"loc":{"start":{"line":52,"column":2},"end":{"line":61,"column":3}},"type":"if","locations":[{"start":{"line":52,"column":2},"end":{"line":61,"column":3}},{"start":{"line":52,"column":2},"end":{"line":61,"column":3}}],"line":52},"2":{"loc":{"start":{"line":52,"column":6},"end":{"line":52,"column":44}},"type":"binary-expr","locations":[{"start":{"line":52,"column":6},"end":{"line":52,"column":17}},{"start":{"line":52,"column":21},"end":{"line":52,"column":44}}],"line":52}},"s":{"0":2,"1":4,"2":4,"3":1,"4":3,"5":1,"6":2,"7":4},"f":{"0":4,"1":4},"b":{"0":[1,3],"1":[1,2],"2":[3,3]},"_coverageSchema":"332fd63041d2c1bcb487cc26dd0d5f7d97098a6c","hash":"dd1d39c82d8276ec8f4c805c584f662cfb2093c5"}
,"/Users/trevorlitsey/Documents/code/2 projects/boilerplate/src/components/preview/Jumbotron.js": {"path":"/Users/trevorlitsey/Documents/code/2 projects/boilerplate/src/components/preview/Jumbotron.js","statementMap":{"0":{"start":{"line":8,"column":18},"end":{"line":34,"column":1}},"1":{"start":{"line":36,"column":18},"end":{"line":87,"column":1}},"2":{"start":{"line":38,"column":58},"end":{"line":38,"column":63}},"3":{"start":{"line":41,"column":2},"end":{"line":48,"column":6}},"4":{"start":{"line":52,"column":1},"end":{"line":59,"column":2}},"5":{"start":{"line":53,"column":2},"end":{"line":57,"column":3}},"6":{"start":{"line":61,"column":1},"end":{"line":75,"column":2}},"7":{"start":{"line":62,"column":2},"end":{"line":74,"column":3}},"8":{"start":{"line":77,"column":1},"end":{"line":85,"column":2}},"9":{"start":{"line":89,"column":0},"end":{"line":94,"column":1}}},"fnMap":{"0":{"name":"(anonymous_0)","decl":{"start":{"line":36,"column":18},"end":{"line":36,"column":19}},"loc":{"start":{"line":36,"column":29},"end":{"line":87,"column":1}},"line":36}},"branchMap":{"0":{"loc":{"start":{"line":52,"column":1},"end":{"line":59,"column":2}},"type":"if","locations":[{"start":{"line":52,"column":1},"end":{"line":59,"column":2}},{"start":{"line":52,"column":1},"end":{"line":59,"column":2}}],"line":52},"1":{"loc":{"start":{"line":61,"column":1},"end":{"line":75,"column":2}},"type":"if","locations":[{"start":{"line":61,"column":1},"end":{"line":75,"column":2}},{"start":{"line":61,"column":1},"end":{"line":75,"column":2}}],"line":61}},"s":{"0":2,"1":2,"2":4,"3":4,"4":4,"5":1,"6":3,"7":2,"8":1,"9":2},"f":{"0":4},"b":{"0":[1,3],"1":[2,1]},"_coverageSchema":"332fd63041d2c1bcb487cc26dd0d5f7d97098a6c","hash":"a28cd3fcae13d03a06c41565da8b5ffc0f8fc2c8"}
,"/Users/trevorlitsey/Documents/code/2 projects/boilerplate/src/components/preview/Section.js": {"path":"/Users/trevorlitsey/Documents/code/2 projects/boilerplate/src/components/preview/Section.js","statementMap":{"0":{"start":{"line":5,"column":18},"end":{"line":11,"column":1}},"1":{"start":{"line":24,"column":30},"end":{"line":24,"column":40}},"2":{"start":{"line":26,"column":2},"end":{"line":31,"column":3}}},"fnMap":{"0":{"name":"(anonymous_0)","decl":{"start":{"line":22,"column":1},"end":{"line":22,"column":2}},"loc":{"start":{"line":22,"column":10},"end":{"line":32,"column":2}},"line":22}},"branchMap":{},"s":{"0":3,"1":2,"2":2},"f":{"0":2},"b":{},"_coverageSchema":"332fd63041d2c1bcb487cc26dd0d5f7d97098a6c","hash":"62838df02bf7a29fd8482a1436a39b3f7be4c678"}
,"/Users/trevorlitsey/Documents/code/2 projects/boilerplate/src/components/preview/index.js": {"path":"/Users/trevorlitsey/Documents/code/2 projects/boilerplate/src/components/preview/index.js","statementMap":{},"fnMap":{},"branchMap":{},"s":{},"f":{},"b":{},"_coverageSchema":"332fd63041d2c1bcb487cc26dd0d5f7d97098a6c","hash":"93ebdbb3ef14fd41fdf7df68d05defb115590dc1"}
,"/Users/trevorlitsey/Documents/code/2 projects/boilerplate/src/components/preview/dragAndDrop/PreviewDragAndDrop.js": {"path":"/Users/trevorlitsey/Documents/code/2 projects/boilerplate/src/components/preview/dragAndDrop/PreviewDragAndDrop.js","statementMap":{"0":{"start":{"line":12,"column":22},"end":{"line":15,"column":1}},"1":{"start":{"line":27,"column":44},"end":{"line":27,"column":54}},"2":{"start":{"line":29,"column":2},"end":{"line":47,"column":3}},"3":{"start":{"line":30,"column":3},"end":{"line":46,"column":4}},"4":{"start":{"line":34,"column":7},"end":{"line":42,"column":13}},"5":{"start":{"line":49,"column":2},"end":{"line":65,"column":3}},"6":{"start":{"line":50,"column":3},"end":{"line":64,"column":4}},"7":{"start":{"line":54,"column":7},"end":{"line":60,"column":13}},"8":{"start":{"line":67,"column":2},"end":{"line":110,"column":4}},"9":{"start":{"line":71,"column":6},"end":{"line":106,"column":12}},"10":{"start":{"line":79,"column":24},"end":{"line":79,"column":36}},"11":{"start":{"line":81,"column":8},"end":{"line":81,"column":29}},"12":{"start":{"line":81,"column":22},"end":{"line":81,"column":29}},"13":{"start":{"line":83,"column":32},"end":{"line":83,"column":39}},"14":{"start":{"line":85,"column":8},"end":{"line":103,"column":9}},"15":{"start":{"line":88,"column":11},"end":{"line":100,"column":17}}},"fnMap":{"0":{"name":"(anonymous_0)","decl":{"start":{"line":25,"column":1},"end":{"line":25,"column":2}},"loc":{"start":{"line":25,"column":10},"end":{"line":111,"column":2}},"line":25},"1":{"name":"(anonymous_1)","decl":{"start":{"line":33,"column":7},"end":{"line":33,"column":8}},"loc":{"start":{"line":34,"column":7},"end":{"line":42,"column":13}},"line":34},"2":{"name":"(anonymous_2)","decl":{"start":{"line":53,"column":7},"end":{"line":53,"column":8}},"loc":{"start":{"line":54,"column":7},"end":{"line":60,"column":13}},"line":54},"3":{"name":"(anonymous_3)","decl":{"start":{"line":70,"column":6},"end":{"line":70,"column":7}},"loc":{"start":{"line":71,"column":6},"end":{"line":106,"column":12}},"line":71},"4":{"name":"(anonymous_4)","decl":{"start":{"line":77,"column":37},"end":{"line":77,"column":38}},"loc":{"start":{"line":77,"column":52},"end":{"line":104,"column":8}},"line":77},"5":{"name":"(anonymous_5)","decl":{"start":{"line":87,"column":11},"end":{"line":87,"column":12}},"loc":{"start":{"line":88,"column":11},"end":{"line":100,"column":17}},"line":88}},"branchMap":{"0":{"loc":{"start":{"line":29,"column":2},"end":{"line":47,"column":3}},"type":"if","locations":[{"start":{"line":29,"column":2},"end":{"line":47,"column":3}},{"start":{"line":29,"column":2},"end":{"line":47,"column":3}}],"line":29},"1":{"loc":{"start":{"line":49,"column":2},"end":{"line":65,"column":3}},"type":"if","locations":[{"start":{"line":49,"column":2},"end":{"line":65,"column":3}},{"start":{"line":49,"column":2},"end":{"line":65,"column":3}}],"line":49},"2":{"loc":{"start":{"line":49,"column":6},"end":{"line":49,"column":39}},"type":"binary-expr","locations":[{"start":{"line":49,"column":6},"end":{"line":49,"column":17}},{"start":{"line":49,"column":21},"end":{"line":49,"column":39}}],"line":49},"3":{"loc":{"start":{"line":77,"column":8},"end":{"line":104,"column":9}},"type":"binary-expr","locations":[{"start":{"line":77,"column":8},"end":{"line":77,"column":18}},{"start":{"line":77,"column":22},"end":{"line":104,"column":9}}],"line":77},"4":{"loc":{"start":{"line":81,"column":8},"end":{"line":81,"column":29}},"type":"if","locations":[{"start":{"line":81,"column":8},"end":{"line":81,"column":29}},{"start":{"line":81,"column":8},"end":{"line":81,"column":29}}],"line":81},"5":{"loc":{"start":{"line":99,"column":38},"end":{"line":99,"column":94}},"type":"cond-expr","locations":[{"start":{"line":99,"column":57},"end":{"line":99,"column":87}},{"start":{"line":99,"column":90},"end":{"line":99,"column":94}}],"line":99}},"s":{"0":2,"1":3,"2":3,"3":1,"4":0,"5":2,"6":1,"7":0,"8":1,"9":0,"10":0,"11":0,"12":0,"13":0,"14":0,"15":0},"f":{"0":3,"1":0,"2":0,"3":0,"4":0,"5":0},"b":{"0":[1,2],"1":[1,1],"2":[2,2],"3":[0,0],"4":[0,0],"5":[0,0]},"_coverageSchema":"332fd63041d2c1bcb487cc26dd0d5f7d97098a6c","hash":"078bd7c5fd09a1b4d350f22f7290a3e2ef1d8b1f"}
,"/Users/trevorlitsey/Documents/code/2 projects/boilerplate/src/components/preview/dragAndDrop/SnippetDragAndDrop.js": {"path":"/Users/trevorlitsey/Documents/code/2 projects/boilerplate/src/components/preview/dragAndDrop/SnippetDragAndDrop.js","statementMap":{"0":{"start":{"line":14,"column":31},"end":{"line":17,"column":1}},"1":{"start":{"line":29,"column":46},"end":{"line":29,"column":56}},"2":{"start":{"line":31,"column":2},"end":{"line":45,"column":3}},"3":{"start":{"line":32,"column":3},"end":{"line":44,"column":4}},"4":{"start":{"line":35,"column":6},"end":{"line":41,"column":12}},"5":{"start":{"line":47,"column":2},"end":{"line":61,"column":3}},"6":{"start":{"line":48,"column":3},"end":{"line":60,"column":4}},"7":{"start":{"line":51,"column":6},"end":{"line":57,"column":12}},"8":{"start":{"line":63,"column":2},"end":{"line":107,"column":3}},"9":{"start":{"line":67,"column":6},"end":{"line":103,"column":12}},"10":{"start":{"line":75,"column":24},"end":{"line":75,"column":36}},"11":{"start":{"line":77,"column":32},"end":{"line":77,"column":39}},"12":{"start":{"line":79,"column":8},"end":{"line":100,"column":9}},"13":{"start":{"line":82,"column":11},"end":{"line":97,"column":17}}},"fnMap":{"0":{"name":"(anonymous_0)","decl":{"start":{"line":27,"column":1},"end":{"line":27,"column":2}},"loc":{"start":{"line":27,"column":10},"end":{"line":108,"column":2}},"line":27},"1":{"name":"(anonymous_1)","decl":{"start":{"line":34,"column":6},"end":{"line":34,"column":7}},"loc":{"start":{"line":35,"column":6},"end":{"line":41,"column":12}},"line":35},"2":{"name":"(anonymous_2)","decl":{"start":{"line":50,"column":6},"end":{"line":50,"column":7}},"loc":{"start":{"line":51,"column":6},"end":{"line":57,"column":12}},"line":51},"3":{"name":"(anonymous_3)","decl":{"start":{"line":66,"column":6},"end":{"line":66,"column":7}},"loc":{"start":{"line":67,"column":6},"end":{"line":103,"column":12}},"line":67},"4":{"name":"(anonymous_4)","decl":{"start":{"line":73,"column":41},"end":{"line":73,"column":42}},"loc":{"start":{"line":73,"column":56},"end":{"line":101,"column":8}},"line":73},"5":{"name":"(anonymous_5)","decl":{"start":{"line":81,"column":11},"end":{"line":81,"column":12}},"loc":{"start":{"line":82,"column":11},"end":{"line":97,"column":17}},"line":82}},"branchMap":{"0":{"loc":{"start":{"line":31,"column":2},"end":{"line":45,"column":3}},"type":"if","locations":[{"start":{"line":31,"column":2},"end":{"line":45,"column":3}},{"start":{"line":31,"column":2},"end":{"line":45,"column":3}}],"line":31},"1":{"loc":{"start":{"line":47,"column":2},"end":{"line":61,"column":3}},"type":"if","locations":[{"start":{"line":47,"column":2},"end":{"line":61,"column":3}},{"start":{"line":47,"column":2},"end":{"line":61,"column":3}}],"line":47},"2":{"loc":{"start":{"line":47,"column":6},"end":{"line":47,"column":43}},"type":"binary-expr","locations":[{"start":{"line":47,"column":6},"end":{"line":47,"column":19}},{"start":{"line":47,"column":23},"end":{"line":47,"column":43}}],"line":47},"3":{"loc":{"start":{"line":73,"column":8},"end":{"line":101,"column":9}},"type":"binary-expr","locations":[{"start":{"line":73,"column":8},"end":{"line":73,"column":20}},{"start":{"line":73,"column":24},"end":{"line":101,"column":9}}],"line":73},"4":{"loc":{"start":{"line":85,"column":23},"end":{"line":85,"column":79}},"type":"cond-expr","locations":[{"start":{"line":85,"column":42},"end":{"line":85,"column":72}},{"start":{"line":85,"column":75},"end":{"line":85,"column":79}}],"line":85}},"s":{"0":2,"1":3,"2":3,"3":1,"4":0,"5":2,"6":1,"7":0,"8":1,"9":0,"10":0,"11":0,"12":0,"13":0},"f":{"0":3,"1":0,"2":0,"3":0,"4":0,"5":0},"b":{"0":[1,2],"1":[1,1],"2":[2,2],"3":[0,0],"4":[0,0]},"_coverageSchema":"332fd63041d2c1bcb487cc26dd0d5f7d97098a6c","hash":"5de3e3fa93da045bd667ec2ec36ddd4d76bf9232"}
,"/Users/trevorlitsey/Documents/code/2 projects/boilerplate/src/components/preview/dragAndDrop/styles.js": {"path":"/Users/trevorlitsey/Documents/code/2 projects/boilerplate/src/components/preview/dragAndDrop/styles.js","statementMap":{"0":{"start":{"line":1,"column":13},"end":{"line":1,"column":14}},"1":{"start":{"line":3,"column":22},"end":{"line":7,"column":1}},"2":{"start":{"line":9,"column":25},"end":{"line":14,"column":2}},"3":{"start":{"line":9,"column":46},"end":{"line":14,"column":1}},"4":{"start":{"line":18,"column":35},"end":{"line":23,"column":2}},"5":{"start":{"line":18,"column":68},"end":{"line":23,"column":1}},"6":{"start":{"line":25,"column":35},"end":{"line":29,"column":2}},"7":{"start":{"line":25,"column":56},"end":{"line":29,"column":1}},"8":{"start":{"line":31,"column":35},"end":{"line":38,"column":2}},"9":{"start":{"line":31,"column":56},"end":{"line":38,"column":1}},"10":{"start":{"line":40,"column":35},"end":{"line":48,"column":2}},"11":{"start":{"line":40,"column":68},"end":{"line":48,"column":1}}},"fnMap":{"0":{"name":"(anonymous_0)","decl":{"start":{"line":9,"column":25},"end":{"line":9,"column":26}},"loc":{"start":{"line":9,"column":46},"end":{"line":14,"column":1}},"line":9},"1":{"name":"(anonymous_1)","decl":{"start":{"line":18,"column":35},"end":{"line":18,"column":36}},"loc":{"start":{"line":18,"column":68},"end":{"line":23,"column":1}},"line":18},"2":{"name":"(anonymous_2)","decl":{"start":{"line":25,"column":35},"end":{"line":25,"column":36}},"loc":{"start":{"line":25,"column":56},"end":{"line":29,"column":1}},"line":25},"3":{"name":"(anonymous_3)","decl":{"start":{"line":31,"column":35},"end":{"line":31,"column":36}},"loc":{"start":{"line":31,"column":56},"end":{"line":38,"column":1}},"line":31},"4":{"name":"(anonymous_4)","decl":{"start":{"line":40,"column":35},"end":{"line":40,"column":36}},"loc":{"start":{"line":40,"column":68},"end":{"line":48,"column":1}},"line":40}},"branchMap":{"0":{"loc":{"start":{"line":10,"column":13},"end":{"line":10,"column":60}},"type":"cond-expr","locations":[{"start":{"line":10,"column":30},"end":{"line":10,"column":43}},{"start":{"line":10,"column":46},"end":{"line":10,"column":60}}],"line":10}},"s":{"0":3,"1":3,"2":3,"3":0,"4":3,"5":0,"6":3,"7":0,"8":3,"9":0,"10":3,"11":0},"f":{"0":0,"1":0,"2":0,"3":0,"4":0},"b":{"0":[0,0]},"_coverageSchema":"332fd63041d2c1bcb487cc26dd0d5f7d97098a6c","hash":"6f9173ff304aaffc9185b1ad4dcce7041898b842"}
,"/Users/trevorlitsey/Documents/code/2 projects/boilerplate/src/components/shared/Spinner.js": {"path":"/Users/trevorlitsey/Documents/code/2 projects/boilerplate/src/components/shared/Spinner.js","statementMap":{"0":{"start":{"line":6,"column":16},"end":{"line":15,"column":1}},"1":{"start":{"line":17,"column":16},"end":{"line":21,"column":1}},"2":{"start":{"line":18,"column":1},"end":{"line":20,"column":11}}},"fnMap":{"0":{"name":"(anonymous_0)","decl":{"start":{"line":17,"column":16},"end":{"line":17,"column":17}},"loc":{"start":{"line":18,"column":1},"end":{"line":20,"column":11}},"line":18}},"branchMap":{},"s":{"0":8,"1":8,"2":1},"f":{"0":1},"b":{},"_coverageSchema":"332fd63041d2c1bcb487cc26dd0d5f7d97098a6c","hash":"b1efbf2ffe98e645c37abe5b4f6dd6a3c41f9927"}
,"/Users/trevorlitsey/Documents/code/2 projects/boilerplate/src/components/shared/index.js": {"path":"/Users/trevorlitsey/Documents/code/2 projects/boilerplate/src/components/shared/index.js","statementMap":{},"fnMap":{},"branchMap":{},"s":{},"f":{},"b":{},"_coverageSchema":"332fd63041d2c1bcb487cc26dd0d5f7d97098a6c","hash":"03cf15417e92641a658ddf7eacd99e6d7497b53d"}
,"/Users/trevorlitsey/Documents/code/2 projects/boilerplate/src/components/snippets/Card.js": {"path":"/Users/trevorlitsey/Documents/code/2 projects/boilerplate/src/components/snippets/Card.js","statementMap":{"0":{"start":{"line":5,"column":13},"end":{"line":5,"column":14}},"1":{"start":{"line":7,"column":15},"end":{"line":11,"column":1}},"2":{"start":{"line":13,"column":19},"end":{"line":15,"column":1}},"3":{"start":{"line":14,"column":1},"end":{"line":14,"column":51}},"4":{"start":{"line":17,"column":13},"end":{"line":28,"column":1}},"5":{"start":{"line":18,"column":1},"end":{"line":27,"column":7}},"6":{"start":{"line":22,"column":77},"end":{"line":22,"column":96}},"7":{"start":{"line":24,"column":29},"end":{"line":24,"column":67}},"8":{"start":{"line":30,"column":0},"end":{"line":36,"column":1}}},"fnMap":{"0":{"name":"(anonymous_0)","decl":{"start":{"line":13,"column":19},"end":{"line":13,"column":20}},"loc":{"start":{"line":14,"column":1},"end":{"line":14,"column":51}},"line":14},"1":{"name":"(anonymous_1)","decl":{"start":{"line":17,"column":13},"end":{"line":17,"column":14}},"loc":{"start":{"line":18,"column":1},"end":{"line":27,"column":7}},"line":18},"2":{"name":"(anonymous_2)","decl":{"start":{"line":22,"column":71},"end":{"line":22,"column":72}},"loc":{"start":{"line":22,"column":77},"end":{"line":22,"column":96}},"line":22},"3":{"name":"(anonymous_3)","decl":{"start":{"line":24,"column":22},"end":{"line":24,"column":23}},"loc":{"start":{"line":24,"column":29},"end":{"line":24,"column":67}},"line":24}},"branchMap":{"0":{"loc":{"start":{"line":20,"column":28},"end":{"line":20,"column":84}},"type":"cond-expr","locations":[{"start":{"line":20,"column":47},"end":{"line":20,"column":77}},{"start":{"line":20,"column":80},"end":{"line":20,"column":84}}],"line":20},"1":{"loc":{"start":{"line":24,"column":5},"end":{"line":24,"column":68}},"type":"binary-expr","locations":[{"start":{"line":24,"column":5},"end":{"line":24,"column":9}},{"start":{"line":24,"column":13},"end":{"line":24,"column":68}}],"line":24}},"s":{"0":3,"1":3,"2":3,"3":1,"4":3,"5":6,"6":1,"7":18,"8":3},"f":{"0":1,"1":6,"2":1,"3":18},"b":{"0":[1,5],"1":[6,6]},"_coverageSchema":"332fd63041d2c1bcb487cc26dd0d5f7d97098a6c","hash":"4a5f79260976e8f21d498c25d75d2cc6b65edfbc"}
,"/Users/trevorlitsey/Documents/code/2 projects/boilerplate/src/components/snippets/NewSnippetButton.js": {"path":"/Users/trevorlitsey/Documents/code/2 projects/boilerplate/src/components/snippets/NewSnippetButton.js","statementMap":{"0":{"start":{"line":5,"column":15},"end":{"line":16,"column":1}},"1":{"start":{"line":18,"column":19},"end":{"line":21,"column":1}},"2":{"start":{"line":23,"column":25},"end":{"line":27,"column":1}},"3":{"start":{"line":24,"column":1},"end":{"line":26,"column":10}},"4":{"start":{"line":29,"column":0},"end":{"line":31,"column":1}}},"fnMap":{"0":{"name":"(anonymous_0)","decl":{"start":{"line":23,"column":25},"end":{"line":23,"column":26}},"loc":{"start":{"line":24,"column":1},"end":{"line":26,"column":10}},"line":24}},"branchMap":{},"s":{"0":2,"1":2,"2":2,"3":2,"4":2},"f":{"0":2},"b":{},"_coverageSchema":"332fd63041d2c1bcb487cc26dd0d5f7d97098a6c","hash":"ef222ec9e71e147e1b1ac98ddf8de9f4cf58c7a2"}
,"/Users/trevorlitsey/Documents/code/2 projects/boilerplate/src/components/snippets/SearchBar.js": {"path":"/Users/trevorlitsey/Documents/code/2 projects/boilerplate/src/components/snippets/SearchBar.js","statementMap":{"0":{"start":{"line":7,"column":16},"end":{"line":21,"column":1}},"1":{"start":{"line":23,"column":18},"end":{"line":38,"column":1}},"2":{"start":{"line":24,"column":1},"end":{"line":37,"column":11}},"3":{"start":{"line":40,"column":0},"end":{"line":42,"column":1}}},"fnMap":{"0":{"name":"(anonymous_0)","decl":{"start":{"line":23,"column":18},"end":{"line":23,"column":19}},"loc":{"start":{"line":24,"column":1},"end":{"line":37,"column":11}},"line":24}},"branchMap":{},"s":{"0":2,"1":2,"2":2,"3":2},"f":{"0":2},"b":{},"_coverageSchema":"332fd63041d2c1bcb487cc26dd0d5f7d97098a6c","hash":"4c696d24a0a769812651321a92b74e33add63831"}
,"/Users/trevorlitsey/Documents/code/2 projects/boilerplate/src/components/snippets/SignInMessage.js": {"path":"/Users/trevorlitsey/Documents/code/2 projects/boilerplate/src/components/snippets/SignInMessage.js","statementMap":{"0":{"start":{"line":6,"column":18},"end":{"line":20,"column":1}},"1":{"start":{"line":22,"column":22},"end":{"line":29,"column":1}},"2":{"start":{"line":23,"column":1},"end":{"line":28,"column":2}}},"fnMap":{"0":{"name":"(anonymous_0)","decl":{"start":{"line":22,"column":22},"end":{"line":22,"column":23}},"loc":{"start":{"line":22,"column":28},"end":{"line":29,"column":1}},"line":22}},"branchMap":{},"s":{"0":2,"1":2,"2":1},"f":{"0":1},"b":{},"_coverageSchema":"332fd63041d2c1bcb487cc26dd0d5f7d97098a6c","hash":"edba91bf60076c04417372ecc44f47488a86fffe"}
,"/Users/trevorlitsey/Documents/code/2 projects/boilerplate/src/components/snippets/SnippetModal.js": {"path":"/Users/trevorlitsey/Documents/code/2 projects/boilerplate/src/components/snippets/SnippetModal.js","statementMap":{"0":{"start":{"line":11,"column":13},"end":{"line":13,"column":1}},"1":{"start":{"line":29,"column":2},"end":{"line":29,"column":57}},"2":{"start":{"line":29,"column":46},"end":{"line":29,"column":57}},"3":{"start":{"line":31,"column":2},"end":{"line":35,"column":4}},"4":{"start":{"line":44,"column":2},"end":{"line":44,"column":33}},"5":{"start":{"line":48,"column":23},"end":{"line":48,"column":51}},"6":{"start":{"line":49,"column":2},"end":{"line":49,"column":26}},"7":{"start":{"line":50,"column":2},"end":{"line":50,"column":28}},"8":{"start":{"line":51,"column":2},"end":{"line":51,"column":34}},"9":{"start":{"line":52,"column":2},"end":{"line":52,"column":28}},"10":{"start":{"line":56,"column":2},"end":{"line":56,"column":55}},"11":{"start":{"line":60,"column":2},"end":{"line":60,"column":21}},"12":{"start":{"line":61,"column":26},"end":{"line":61,"column":35}},"13":{"start":{"line":62,"column":2},"end":{"line":64,"column":3}},"14":{"start":{"line":63,"column":3},"end":{"line":63,"column":75}},"15":{"start":{"line":66,"column":18},"end":{"line":70,"column":3}},"16":{"start":{"line":73,"column":2},"end":{"line":75,"column":35}},"17":{"start":{"line":77,"column":2},"end":{"line":77,"column":19}},"18":{"start":{"line":78,"column":2},"end":{"line":78,"column":25}},"19":{"start":{"line":82,"column":2},"end":{"line":85,"column":4}},"20":{"start":{"line":86,"column":2},"end":{"line":86,"column":29}},"21":{"start":{"line":87,"column":2},"end":{"line":87,"column":28}},"22":{"start":{"line":92,"column":69},"end":{"line":92,"column":79}},"23":{"start":{"line":93,"column":38},"end":{"line":93,"column":55}},"24":{"start":{"line":95,"column":19},"end":{"line":95,"column":56}},"25":{"start":{"line":96,"column":18},"end":{"line":96,"column":53}},"26":{"start":{"line":96,"column":49},"end":{"line":96,"column":52}},"27":{"start":{"line":98,"column":23},"end":{"line":98,"column":139}},"28":{"start":{"line":100,"column":2},"end":{"line":181,"column":3}},"29":{"start":{"line":112,"column":62},"end":{"line":112,"column":94}}},"fnMap":{"0":{"name":"(anonymous_0)","decl":{"start":{"line":27,"column":1},"end":{"line":27,"column":2}},"loc":{"start":{"line":27,"column":55},"end":{"line":36,"column":2}},"line":27},"1":{"name":"(anonymous_1)","decl":{"start":{"line":43,"column":22},"end":{"line":43,"column":23}},"loc":{"start":{"line":43,"column":40},"end":{"line":45,"column":2}},"line":43},"2":{"name":"(anonymous_2)","decl":{"start":{"line":47,"column":22},"end":{"line":47,"column":23}},"loc":{"start":{"line":47,"column":34},"end":{"line":53,"column":2}},"line":47},"3":{"name":"(anonymous_3)","decl":{"start":{"line":55,"column":16},"end":{"line":55,"column":17}},"loc":{"start":{"line":55,"column":22},"end":{"line":57,"column":2}},"line":55},"4":{"name":"(anonymous_4)","decl":{"start":{"line":59,"column":16},"end":{"line":59,"column":17}},"loc":{"start":{"line":59,"column":23},"end":{"line":79,"column":2}},"line":59},"5":{"name":"(anonymous_5)","decl":{"start":{"line":81,"column":13},"end":{"line":81,"column":14}},"loc":{"start":{"line":81,"column":19},"end":{"line":88,"column":2}},"line":81},"6":{"name":"(anonymous_6)","decl":{"start":{"line":90,"column":1},"end":{"line":90,"column":2}},"loc":{"start":{"line":90,"column":10},"end":{"line":182,"column":2}},"line":90},"7":{"name":"(anonymous_7)","decl":{"start":{"line":96,"column":42},"end":{"line":96,"column":43}},"loc":{"start":{"line":96,"column":49},"end":{"line":96,"column":52}},"line":96},"8":{"name":"(anonymous_8)","decl":{"start":{"line":112,"column":56},"end":{"line":112,"column":57}},"loc":{"start":{"line":112,"column":62},"end":{"line":112,"column":94}},"line":112}},"branchMap":{"0":{"loc":{"start":{"line":29,"column":2},"end":{"line":29,"column":57}},"type":"if","locations":[{"start":{"line":29,"column":2},"end":{"line":29,"column":57}},{"start":{"line":29,"column":2},"end":{"line":29,"column":57}}],"line":29},"1":{"loc":{"start":{"line":29,"column":6},"end":{"line":29,"column":44}},"type":"binary-expr","locations":[{"start":{"line":29,"column":6},"end":{"line":29,"column":23}},{"start":{"line":29,"column":27},"end":{"line":29,"column":44}}],"line":29},"2":{"loc":{"start":{"line":32,"column":17},"end":{"line":32,"column":51}},"type":"binary-expr","locations":[{"start":{"line":32,"column":17},"end":{"line":32,"column":45}},{"start":{"line":32,"column":49},"end":{"line":32,"column":51}}],"line":32},"3":{"loc":{"start":{"line":62,"column":2},"end":{"line":64,"column":3}},"type":"if","locations":[{"start":{"line":62,"column":2},"end":{"line":64,"column":3}},{"start":{"line":62,"column":2},"end":{"line":64,"column":3}}],"line":62},"4":{"loc":{"start":{"line":62,"column":6},"end":{"line":62,"column":33}},"type":"binary-expr","locations":[{"start":{"line":62,"column":6},"end":{"line":62,"column":18}},{"start":{"line":62,"column":22},"end":{"line":62,"column":33}}],"line":62},"5":{"loc":{"start":{"line":73,"column":2},"end":{"line":75,"column":35}},"type":"cond-expr","locations":[{"start":{"line":74,"column":5},"end":{"line":74,"column":38}},{"start":{"line":75,"column":5},"end":{"line":75,"column":35}}],"line":73},"6":{"loc":{"start":{"line":110,"column":60},"end":{"line":110,"column":88}},"type":"cond-expr","locations":[{"start":{"line":110,"column":72},"end":{"line":110,"column":79}},{"start":{"line":110,"column":82},"end":{"line":110,"column":88}}],"line":110},"7":{"loc":{"start":{"line":123,"column":22},"end":{"line":123,"column":58}},"type":"binary-expr","locations":[{"start":{"line":123,"column":22},"end":{"line":123,"column":35}},{"start":{"line":123,"column":39},"end":{"line":123,"column":58}}],"line":123},"8":{"loc":{"start":{"line":134,"column":22},"end":{"line":134,"column":57}},"type":"binary-expr","locations":[{"start":{"line":134,"column":22},"end":{"line":134,"column":35}},{"start":{"line":134,"column":39},"end":{"line":134,"column":57}}],"line":134},"9":{"loc":{"start":{"line":157,"column":58},"end":{"line":157,"column":88}},"type":"cond-expr","locations":[{"start":{"line":157,"column":69},"end":{"line":157,"column":77}},{"start":{"line":157,"column":80},"end":{"line":157,"column":88}}],"line":157},"10":{"loc":{"start":{"line":160,"column":7},"end":{"line":160,"column":31}},"type":"binary-expr","locations":[{"start":{"line":160,"column":7},"end":{"line":160,"column":15}},{"start":{"line":160,"column":19},"end":{"line":160,"column":31}}],"line":160}},"s":{"0":2,"1":9,"2":0,"3":9,"4":1,"5":1,"6":1,"7":1,"8":1,"9":1,"10":1,"11":4,"12":4,"13":4,"14":2,"15":2,"16":2,"17":2,"18":2,"19":3,"20":3,"21":3,"22":16,"23":16,"24":16,"25":16,"26":48,"27":16,"28":16,"29":0},"f":{"0":9,"1":1,"2":1,"3":1,"4":4,"5":3,"6":16,"7":48,"8":0},"b":{"0":[0,9],"1":[9,9],"2":[9,3],"3":[2,2],"4":[4,3],"5":[1,1],"6":[2,14],"7":[16,16],"8":[16,16],"9":[10,6],"10":[16,10]},"_coverageSchema":"332fd63041d2c1bcb487cc26dd0d5f7d97098a6c","hash":"f59f722fcb9c6e8bccfad2c51112731d845b2afa"}
,"/Users/trevorlitsey/Documents/code/2 projects/boilerplate/src/components/snippets/SnippetWell.js": {"path":"/Users/trevorlitsey/Documents/code/2 projects/boilerplate/src/components/snippets/SnippetWell.js","statementMap":{"0":{"start":{"line":10,"column":18},"end":{"line":20,"column":1}},"1":{"start":{"line":22,"column":21},"end":{"line":33,"column":1}},"2":{"start":{"line":35,"column":19},"end":{"line":52,"column":1}},"3":{"start":{"line":37,"column":18},"end":{"line":42,"column":17}},"4":{"start":{"line":39,"column":3},"end":{"line":41,"column":26}},"5":{"start":{"line":44,"column":19},"end":{"line":44,"column":67}},"6":{"start":{"line":46,"column":18},"end":{"line":46,"column":65}},"7":{"start":{"line":48,"column":1},"end":{"line":50,"column":2}},"8":{"start":{"line":49,"column":2},"end":{"line":49,"column":22}},"9":{"start":{"line":55,"column":20},"end":{"line":84,"column":1}},"10":{"start":{"line":57,"column":1},"end":{"line":63,"column":2}},"11":{"start":{"line":58,"column":2},"end":{"line":62,"column":3}},"12":{"start":{"line":65,"column":1},"end":{"line":73,"column":2}},"13":{"start":{"line":66,"column":2},"end":{"line":72,"column":3}},"14":{"start":{"line":75,"column":1},"end":{"line":83,"column":2}},"15":{"start":{"line":78,"column":31},"end":{"line":78,"column":69}},"16":{"start":{"line":80,"column":5},"end":{"line":80,"column":67}},"17":{"start":{"line":86,"column":0},"end":{"line":91,"column":1}}},"fnMap":{"0":{"name":"(anonymous_0)","decl":{"start":{"line":35,"column":19},"end":{"line":35,"column":20}},"loc":{"start":{"line":35,"column":51},"end":{"line":52,"column":1}},"line":35},"1":{"name":"(anonymous_1)","decl":{"start":{"line":38,"column":7},"end":{"line":38,"column":8}},"loc":{"start":{"line":39,"column":3},"end":{"line":41,"column":26}},"line":39},"2":{"name":"(anonymous_2)","decl":{"start":{"line":55,"column":20},"end":{"line":55,"column":21}},"loc":{"start":{"line":55,"column":71},"end":{"line":84,"column":1}},"line":55},"3":{"name":"(anonymous_3)","decl":{"start":{"line":78,"column":12},"end":{"line":78,"column":13}},"loc":{"start":{"line":78,"column":31},"end":{"line":78,"column":69}},"line":78},"4":{"name":"(anonymous_4)","decl":{"start":{"line":79,"column":9},"end":{"line":79,"column":10}},"loc":{"start":{"line":80,"column":5},"end":{"line":80,"column":67}},"line":80}},"branchMap":{"0":{"loc":{"start":{"line":48,"column":1},"end":{"line":50,"column":2}},"type":"if","locations":[{"start":{"line":48,"column":1},"end":{"line":50,"column":2}},{"start":{"line":48,"column":1},"end":{"line":50,"column":2}}],"line":48},"1":{"loc":{"start":{"line":48,"column":5},"end":{"line":48,"column":38}},"type":"binary-expr","locations":[{"start":{"line":48,"column":5},"end":{"line":48,"column":13}},{"start":{"line":48,"column":17},"end":{"line":48,"column":26}},{"start":{"line":48,"column":30},"end":{"line":48,"column":38}}],"line":48},"2":{"loc":{"start":{"line":57,"column":1},"end":{"line":63,"column":2}},"type":"if","locations":[{"start":{"line":57,"column":1},"end":{"line":63,"column":2}},{"start":{"line":57,"column":1},"end":{"line":63,"column":2}}],"line":57},"3":{"loc":{"start":{"line":65,"column":1},"end":{"line":73,"column":2}},"type":"if","locations":[{"start":{"line":65,"column":1},"end":{"line":73,"column":2}},{"start":{"line":65,"column":1},"end":{"line":73,"column":2}}],"line":65}},"s":{"0":2,"1":2,"2":2,"3":12,"4":9,"5":12,"6":12,"7":12,"8":9,"9":2,"10":5,"11":1,"12":4,"13":1,"14":3,"15":12,"16":9,"17":2},"f":{"0":12,"1":9,"2":5,"3":12,"4":9},"b":{"0":[9,3],"1":[12,10,3],"2":[1,4],"3":[1,3]},"_coverageSchema":"332fd63041d2c1bcb487cc26dd0d5f7d97098a6c","hash":"c36612c74d13c818b8c320175416d089ebfa3530"}
,"/Users/trevorlitsey/Documents/code/2 projects/boilerplate/src/components/snippets/index.js": {"path":"/Users/trevorlitsey/Documents/code/2 projects/boilerplate/src/components/snippets/index.js","statementMap":{},"fnMap":{},"branchMap":{},"s":{},"f":{},"b":{},"_coverageSchema":"332fd63041d2c1bcb487cc26dd0d5f7d97098a6c","hash":"3e77712188e92269ff818a2879f5fa4fcc41b8f6"}
,"/Users/trevorlitsey/Documents/code/2 projects/boilerplate/src/pages/Index.js": {"path":"/Users/trevorlitsey/Documents/code/2 projects/boilerplate/src/pages/Index.js","statementMap":{"0":{"start":{"line":13,"column":18},"end":{"line":27,"column":1}},"1":{"start":{"line":47,"column":2},"end":{"line":72,"column":5}},"2":{"start":{"line":49,"column":3},"end":{"line":49,"column":45}},"3":{"start":{"line":51,"column":3},"end":{"line":70,"column":4}},"4":{"start":{"line":53,"column":4},"end":{"line":53,"column":45}},"5":{"start":{"line":55,"column":4},"end":{"line":58,"column":8}},"6":{"start":{"line":57,"column":6},"end":{"line":57,"column":39}},"7":{"start":{"line":60,"column":4},"end":{"line":60,"column":47}},"8":{"start":{"line":61,"column":4},"end":{"line":69,"column":6}},"9":{"start":{"line":75,"column":2},"end":{"line":75,"column":32}},"10":{"start":{"line":76,"column":2},"end":{"line":76,"column":65}},"11":{"start":{"line":80,"column":2},"end":{"line":80,"column":68}},"12":{"start":{"line":81,"column":2},"end":{"line":81,"column":45}},"13":{"start":{"line":82,"column":2},"end":{"line":82,"column":20}},"14":{"start":{"line":86,"column":2},"end":{"line":86,"column":51}},"15":{"start":{"line":90,"column":32},"end":{"line":90,"column":42}},"16":{"start":{"line":91,"column":39},"end":{"line":91,"column":72}},"17":{"start":{"line":93,"column":16},"end":{"line":99,"column":3}},"18":{"start":{"line":100,"column":2},"end":{"line":100,"column":46}},"19":{"start":{"line":104,"column":2},"end":{"line":108,"column":3}},"20":{"start":{"line":105,"column":3},"end":{"line":105,"column":66}},"21":{"start":{"line":107,"column":3},"end":{"line":107,"column":48}},"22":{"start":{"line":113,"column":2},"end":{"line":113,"column":34}},"23":{"start":{"line":113,"column":27},"end":{"line":113,"column":34}},"24":{"start":{"line":115,"column":18},"end":{"line":115,"column":53}},"25":{"start":{"line":117,"column":2},"end":{"line":117,"column":47}},"26":{"start":{"line":122,"column":23},"end":{"line":122,"column":33}},"27":{"start":{"line":131,"column":19},"end":{"line":131,"column":29}},"28":{"start":{"line":133,"column":39},"end":{"line":133,"column":46}},"29":{"start":{"line":135,"column":26},"end":{"line":135,"column":69}},"30":{"start":{"line":137,"column":2},"end":{"line":143,"column":3}},"31":{"start":{"line":138,"column":3},"end":{"line":142,"column":4}},"32":{"start":{"line":145,"column":2},"end":{"line":163,"column":3}}},"fnMap":{"0":{"name":"(anonymous_0)","decl":{"start":{"line":45,"column":21},"end":{"line":45,"column":22}},"loc":{"start":{"line":45,"column":27},"end":{"line":77,"column":2}},"line":45},"1":{"name":"(anonymous_1)","decl":{"start":{"line":47,"column":37},"end":{"line":47,"column":38}},"loc":{"start":{"line":47,"column":47},"end":{"line":72,"column":3}},"line":47},"2":{"name":"(anonymous_2)","decl":{"start":{"line":56,"column":17},"end":{"line":56,"column":18}},"loc":{"start":{"line":56,"column":26},"end":{"line":58,"column":6}},"line":56},"3":{"name":"(anonymous_3)","decl":{"start":{"line":79,"column":24},"end":{"line":79,"column":25}},"loc":{"start":{"line":79,"column":30},"end":{"line":83,"column":2}},"line":79},"4":{"name":"(anonymous_4)","decl":{"start":{"line":85,"column":26},"end":{"line":85,"column":27}},"loc":{"start":{"line":85,"column":32},"end":{"line":87,"column":2}},"line":85},"5":{"name":"(anonymous_5)","decl":{"start":{"line":89,"column":27},"end":{"line":89,"column":28}},"loc":{"start":{"line":89,"column":36},"end":{"line":101,"column":2}},"line":89},"6":{"name":"(anonymous_6)","decl":{"start":{"line":103,"column":13},"end":{"line":103,"column":14}},"loc":{"start":{"line":103,"column":19},"end":{"line":109,"column":2}},"line":103},"7":{"name":"(anonymous_7)","decl":{"start":{"line":111,"column":17},"end":{"line":111,"column":18}},"loc":{"start":{"line":111,"column":29},"end":{"line":118,"column":2}},"line":111},"8":{"name":"(anonymous_8)","decl":{"start":{"line":120,"column":1},"end":{"line":120,"column":2}},"loc":{"start":{"line":120,"column":10},"end":{"line":164,"column":2}},"line":120}},"branchMap":{"0":{"loc":{"start":{"line":51,"column":3},"end":{"line":70,"column":4}},"type":"if","locations":[{"start":{"line":51,"column":3},"end":{"line":70,"column":4}},{"start":{"line":51,"column":3},"end":{"line":70,"column":4}}],"line":51},"1":{"loc":{"start":{"line":60,"column":4},"end":{"line":60,"column":46}},"type":"binary-expr","locations":[{"start":{"line":60,"column":4},"end":{"line":60,"column":22}},{"start":{"line":60,"column":26},"end":{"line":60,"column":46}}],"line":60},"2":{"loc":{"start":{"line":81,"column":2},"end":{"line":81,"column":44}},"type":"binary-expr","locations":[{"start":{"line":81,"column":2},"end":{"line":81,"column":20}},{"start":{"line":81,"column":24},"end":{"line":81,"column":44}}],"line":81},"3":{"loc":{"start":{"line":96,"column":18},"end":{"line":96,"column":36}},"type":"binary-expr","locations":[{"start":{"line":96,"column":18},"end":{"line":96,"column":30}},{"start":{"line":96,"column":34},"end":{"line":96,"column":36}}],"line":96},"4":{"loc":{"start":{"line":97,"column":16},"end":{"line":97,"column":32}},"type":"binary-expr","locations":[{"start":{"line":97,"column":16},"end":{"line":97,"column":26}},{"start":{"line":97,"column":30},"end":{"line":97,"column":32}}],"line":97},"5":{"loc":{"start":{"line":104,"column":2},"end":{"line":108,"column":3}},"type":"if","locations":[{"start":{"line":104,"column":2},"end":{"line":108,"column":3}},{"start":{"line":104,"column":2},"end":{"line":108,"column":3}}],"line":104},"6":{"loc":{"start":{"line":113,"column":2},"end":{"line":113,"column":34}},"type":"if","locations":[{"start":{"line":113,"column":2},"end":{"line":113,"column":34}},{"start":{"line":113,"column":2},"end":{"line":113,"column":34}}],"line":113},"7":{"loc":{"start":{"line":137,"column":2},"end":{"line":143,"column":3}},"type":"if","locations":[{"start":{"line":137,"column":2},"end":{"line":143,"column":3}},{"start":{"line":137,"column":2},"end":{"line":143,"column":3}}],"line":137},"8":{"loc":{"start":{"line":148,"column":25},"end":{"line":148,"column":65}},"type":"binary-expr","locations":[{"start":{"line":148,"column":25},"end":{"line":148,"column":43}},{"start":{"line":148,"column":47},"end":{"line":148,"column":65}}],"line":148}},"s":{"0":1,"1":6,"2":6,"3":6,"4":0,"5":0,"6":0,"7":6,"8":6,"9":6,"10":6,"11":0,"12":0,"13":0,"14":6,"15":1,"16":1,"17":1,"18":1,"19":2,"20":1,"21":1,"22":2,"23":1,"24":1,"25":1,"26":20,"27":20,"28":20,"29":20,"30":20,"31":7,"32":13},"f":{"0":6,"1":6,"2":0,"3":0,"4":6,"5":1,"6":2,"7":2,"8":20},"b":{"0":[0,6],"1":[6,0],"2":[0,0],"3":[1,0],"4":[1,0],"5":[1,1],"6":[1,1],"7":[7,13],"8":[13,11]},"_coverageSchema":"332fd63041d2c1bcb487cc26dd0d5f7d97098a6c","hash":"72e57b712a56f03995d47e84fed92ab09b6d3bc2"}
,"/Users/trevorlitsey/Documents/code/2 projects/boilerplate/src/pages/NotFound.js": {"path":"/Users/trevorlitsey/Documents/code/2 projects/boilerplate/src/pages/NotFound.js","statementMap":{"0":{"start":{"line":6,"column":17},"end":{"line":13,"column":1}},"1":{"start":{"line":7,"column":1},"end":{"line":12,"column":2}}},"fnMap":{"0":{"name":"(anonymous_0)","decl":{"start":{"line":6,"column":17},"end":{"line":6,"column":18}},"loc":{"start":{"line":6,"column":35},"end":{"line":13,"column":1}},"line":6}},"branchMap":{},"s":{"0":1,"1":1},"f":{"0":1},"b":{},"_coverageSchema":"332fd63041d2c1bcb487cc26dd0d5f7d97098a6c","hash":"b6aabb33fe97443be86656a82c3aac957e2c0163"}
,"/Users/trevorlitsey/Documents/code/2 projects/boilerplate/src/pages/Snippets.js": {"path":"/Users/trevorlitsey/Documents/code/2 projects/boilerplate/src/pages/Snippets.js","statementMap":{"0":{"start":{"line":28,"column":2},"end":{"line":44,"column":4}},"1":{"start":{"line":29,"column":3},"end":{"line":29,"column":45}},"2":{"start":{"line":31,"column":3},"end":{"line":43,"column":4}},"3":{"start":{"line":32,"column":4},"end":{"line":32,"column":45}},"4":{"start":{"line":33,"column":4},"end":{"line":40,"column":8}},"5":{"start":{"line":35,"column":6},"end":{"line":38,"column":7}},"6":{"start":{"line":36,"column":34},"end":{"line":36,"column":44}},"7":{"start":{"line":37,"column":7},"end":{"line":37,"column":41}},"8":{"start":{"line":39,"column":6},"end":{"line":39,"column":40}},"9":{"start":{"line":42,"column":4},"end":{"line":42,"column":47}},"10":{"start":{"line":48,"column":2},"end":{"line":48,"column":45}},"11":{"start":{"line":49,"column":2},"end":{"line":49,"column":20}},"12":{"start":{"line":53,"column":2},"end":{"line":53,"column":49}},"13":{"start":{"line":57,"column":2},"end":{"line":57,"column":54}},"14":{"start":{"line":61,"column":19},"end":{"line":61,"column":45}},"15":{"start":{"line":62,"column":2},"end":{"line":62,"column":28}},"16":{"start":{"line":63,"column":2},"end":{"line":63,"column":48}},"17":{"start":{"line":67,"column":38},"end":{"line":67,"column":55}},"18":{"start":{"line":68,"column":2},"end":{"line":68,"column":43}},"19":{"start":{"line":69,"column":2},"end":{"line":69,"column":48}},"20":{"start":{"line":73,"column":19},"end":{"line":73,"column":45}},"21":{"start":{"line":74,"column":2},"end":{"line":74,"column":22}},"22":{"start":{"line":75,"column":2},"end":{"line":75,"column":19}},"23":{"start":{"line":76,"column":2},"end":{"line":76,"column":74}},"24":{"start":{"line":78,"column":2},"end":{"line":80,"column":3}},"25":{"start":{"line":79,"column":3},"end":{"line":79,"column":49}},"26":{"start":{"line":84,"column":15},"end":{"line":84,"column":35}},"27":{"start":{"line":85,"column":2},"end":{"line":85,"column":17}},"28":{"start":{"line":86,"column":2},"end":{"line":86,"column":20}},"29":{"start":{"line":87,"column":2},"end":{"line":87,"column":44}},"30":{"start":{"line":91,"column":2},"end":{"line":91,"column":63}},"31":{"start":{"line":96,"column":23},"end":{"line":96,"column":33}},"32":{"start":{"line":105,"column":16},"end":{"line":105,"column":26}},"33":{"start":{"line":107,"column":2},"end":{"line":113,"column":3}},"34":{"start":{"line":108,"column":3},"end":{"line":112,"column":4}},"35":{"start":{"line":115,"column":2},"end":{"line":121,"column":3}},"36":{"start":{"line":116,"column":3},"end":{"line":120,"column":4}},"37":{"start":{"line":123,"column":2},"end":{"line":144,"column":3}}},"fnMap":{"0":{"name":"(anonymous_0)","decl":{"start":{"line":26,"column":21},"end":{"line":26,"column":22}},"loc":{"start":{"line":26,"column":27},"end":{"line":45,"column":2}},"line":26},"1":{"name":"(anonymous_1)","decl":{"start":{"line":28,"column":37},"end":{"line":28,"column":38}},"loc":{"start":{"line":28,"column":47},"end":{"line":44,"column":3}},"line":28},"2":{"name":"(anonymous_2)","decl":{"start":{"line":34,"column":17},"end":{"line":34,"column":18}},"loc":{"start":{"line":34,"column":26},"end":{"line":40,"column":6}},"line":34},"3":{"name":"(anonymous_3)","decl":{"start":{"line":47,"column":24},"end":{"line":47,"column":25}},"loc":{"start":{"line":47,"column":30},"end":{"line":50,"column":2}},"line":47},"4":{"name":"(anonymous_4)","decl":{"start":{"line":52,"column":13},"end":{"line":52,"column":14}},"loc":{"start":{"line":52,"column":40},"end":{"line":54,"column":2}},"line":52},"5":{"name":"(anonymous_5)","decl":{"start":{"line":56,"column":13},"end":{"line":56,"column":14}},"loc":{"start":{"line":56,"column":19},"end":{"line":58,"column":2}},"line":56},"6":{"name":"(anonymous_6)","decl":{"start":{"line":60,"column":14},"end":{"line":60,"column":15}},"loc":{"start":{"line":60,"column":45},"end":{"line":64,"column":2}},"line":60},"7":{"name":"(anonymous_7)","decl":{"start":{"line":66,"column":17},"end":{"line":66,"column":18}},"loc":{"start":{"line":66,"column":37},"end":{"line":70,"column":2}},"line":66},"8":{"name":"(anonymous_8)","decl":{"start":{"line":72,"column":17},"end":{"line":72,"column":18}},"loc":{"start":{"line":72,"column":25},"end":{"line":81,"column":2}},"line":72},"9":{"name":"(anonymous_9)","decl":{"start":{"line":83,"column":10},"end":{"line":83,"column":11}},"loc":{"start":{"line":83,"column":37},"end":{"line":88,"column":2}},"line":83},"10":{"name":"(anonymous_10)","decl":{"start":{"line":90,"column":22},"end":{"line":90,"column":23}},"loc":{"start":{"line":90,"column":29},"end":{"line":92,"column":2}},"line":90},"11":{"name":"(anonymous_11)","decl":{"start":{"line":94,"column":1},"end":{"line":94,"column":2}},"loc":{"start":{"line":94,"column":10},"end":{"line":145,"column":2}},"line":94}},"branchMap":{"0":{"loc":{"start":{"line":16,"column":8},"end":{"line":16,"column":29}},"type":"binary-expr","locations":[{"start":{"line":16,"column":8},"end":{"line":16,"column":23}},{"start":{"line":16,"column":27},"end":{"line":16,"column":29}}],"line":16},"1":{"loc":{"start":{"line":22,"column":14},"end":{"line":22,"column":44}},"type":"binary-expr","locations":[{"start":{"line":22,"column":14},"end":{"line":22,"column":35}},{"start":{"line":22,"column":39},"end":{"line":22,"column":44}}],"line":22},"2":{"loc":{"start":{"line":31,"column":3},"end":{"line":43,"column":4}},"type":"if","locations":[{"start":{"line":31,"column":3},"end":{"line":43,"column":4}},{"start":{"line":31,"column":3},"end":{"line":43,"column":4}}],"line":31},"3":{"loc":{"start":{"line":35,"column":6},"end":{"line":38,"column":7}},"type":"if","locations":[{"start":{"line":35,"column":6},"end":{"line":38,"column":7}},{"start":{"line":35,"column":6},"end":{"line":38,"column":7}}],"line":35},"4":{"loc":{"start":{"line":42,"column":4},"end":{"line":42,"column":46}},"type":"binary-expr","locations":[{"start":{"line":42,"column":4},"end":{"line":42,"column":22}},{"start":{"line":42,"column":26},"end":{"line":42,"column":46}}],"line":42},"5":{"loc":{"start":{"line":48,"column":2},"end":{"line":48,"column":44}},"type":"binary-expr","locations":[{"start":{"line":48,"column":2},"end":{"line":48,"column":20}},{"start":{"line":48,"column":24},"end":{"line":48,"column":44}}],"line":48},"6":{"loc":{"start":{"line":52,"column":17},"end":{"line":52,"column":35}},"type":"default-arg","locations":[{"start":{"line":52,"column":33},"end":{"line":52,"column":35}}],"line":52},"7":{"loc":{"start":{"line":60,"column":27},"end":{"line":60,"column":40}},"type":"default-arg","locations":[{"start":{"line":60,"column":32},"end":{"line":60,"column":40}}],"line":60},"8":{"loc":{"start":{"line":78,"column":2},"end":{"line":80,"column":3}},"type":"if","locations":[{"start":{"line":78,"column":2},"end":{"line":80,"column":3}},{"start":{"line":78,"column":2},"end":{"line":80,"column":3}}],"line":78},"9":{"loc":{"start":{"line":83,"column":19},"end":{"line":83,"column":32}},"type":"default-arg","locations":[{"start":{"line":83,"column":24},"end":{"line":83,"column":32}}],"line":83},"10":{"loc":{"start":{"line":107,"column":2},"end":{"line":113,"column":3}},"type":"if","locations":[{"start":{"line":107,"column":2},"end":{"line":113,"column":3}},{"start":{"line":107,"column":2},"end":{"line":113,"column":3}}],"line":107},"11":{"loc":{"start":{"line":115,"column":2},"end":{"line":121,"column":3}},"type":"if","locations":[{"start":{"line":115,"column":2},"end":{"line":121,"column":3}},{"start":{"line":115,"column":2},"end":{"line":121,"column":3}}],"line":115},"12":{"loc":{"start":{"line":115,"column":6},"end":{"line":115,"column":56}},"type":"binary-expr","locations":[{"start":{"line":115,"column":6},"end":{"line":115,"column":16}},{"start":{"line":115,"column":21},"end":{"line":115,"column":26}},{"start":{"line":115,"column":30},"end":{"line":115,"column":55}}],"line":115},"13":{"loc":{"start":{"line":134,"column":20},"end":{"line":134,"column":102}},"type":"cond-expr","locations":[{"start":{"line":134,"column":48},"end":{"line":134,"column":97}},{"start":{"line":134,"column":100},"end":{"line":134,"column":102}}],"line":134},"14":{"loc":{"start":{"line":134,"column":20},"end":{"line":134,"column":45}},"type":"binary-expr","locations":[{"start":{"line":134,"column":20},"end":{"line":134,"column":33}},{"start":{"line":134,"column":37},"end":{"line":134,"column":45}}],"line":134}},"s":{"0":10,"1":10,"2":10,"3":0,"4":0,"5":0,"6":0,"7":0,"8":0,"9":10,"10":0,"11":0,"12":1,"13":2,"14":1,"15":1,"16":1,"17":1,"18":1,"19":1,"20":1,"21":1,"22":1,"23":1,"24":1,"25":1,"26":1,"27":1,"28":1,"29":1,"30":1,"31":27,"32":27,"33":27,"34":1,"35":26,"36":11,"37":15},"f":{"0":10,"1":10,"2":0,"3":0,"4":1,"5":2,"6":1,"7":1,"8":1,"9":1,"10":1,"11":27},"b":{"0":[10,1],"1":[10,1],"2":[0,10],"3":[0,0],"4":[10,0],"5":[0,0],"6":[1],"7":[0],"8":[1,0],"9":[0],"10":[1,26],"11":[11,15],"12":[26,26,16],"13":[1,14],"14":[15,1]},"_coverageSchema":"332fd63041d2c1bcb487cc26dd0d5f7d97098a6c","hash":"5553d52825f27191afdde53db9e000aa03b9e10f"}
,"/Users/trevorlitsey/Documents/code/2 projects/boilerplate/src/pages/helpers.js": {"path":"/Users/trevorlitsey/Documents/code/2 projects/boilerplate/src/pages/helpers.js","statementMap":{"0":{"start":{"line":1,"column":23},"end":{"line":8,"column":1}},"1":{"start":{"line":2,"column":33},"end":{"line":2,"column":43}},"2":{"start":{"line":4,"column":22},"end":{"line":4,"column":73}},"3":{"start":{"line":5,"column":1},"end":{"line":5,"column":75}},"4":{"start":{"line":7,"column":1},"end":{"line":7,"column":16}},"5":{"start":{"line":10,"column":30},"end":{"line":27,"column":1}},"6":{"start":{"line":12,"column":1},"end":{"line":14,"column":2}},"7":{"start":{"line":13,"column":2},"end":{"line":13,"column":48}},"8":{"start":{"line":17,"column":22},"end":{"line":17,"column":79}},"9":{"start":{"line":17,"column":61},"end":{"line":17,"column":78}},"10":{"start":{"line":18,"column":20},"end":{"line":18,"column":75}},"11":{"start":{"line":18,"column":57},"end":{"line":18,"column":74}},"12":{"start":{"line":20,"column":1},"end":{"line":24,"column":3}},"13":{"start":{"line":21,"column":2},"end":{"line":23,"column":3}},"14":{"start":{"line":22,"column":3},"end":{"line":22,"column":26}},"15":{"start":{"line":26,"column":1},"end":{"line":26,"column":37}},"16":{"start":{"line":29,"column":37},"end":{"line":34,"column":1}},"17":{"start":{"line":30,"column":14},"end":{"line":32,"column":7}},"18":{"start":{"line":31,"column":2},"end":{"line":31,"column":51}},"19":{"start":{"line":33,"column":1},"end":{"line":33,"column":13}}},"fnMap":{"0":{"name":"(anonymous_0)","decl":{"start":{"line":1,"column":23},"end":{"line":1,"column":24}},"loc":{"start":{"line":1,"column":55},"end":{"line":8,"column":1}},"line":1},"1":{"name":"(anonymous_1)","decl":{"start":{"line":10,"column":30},"end":{"line":10,"column":31}},"loc":{"start":{"line":10,"column":58},"end":{"line":27,"column":1}},"line":10},"2":{"name":"(anonymous_2)","decl":{"start":{"line":17,"column":50},"end":{"line":17,"column":51}},"loc":{"start":{"line":17,"column":61},"end":{"line":17,"column":78}},"line":17},"3":{"name":"(anonymous_3)","decl":{"start":{"line":18,"column":46},"end":{"line":18,"column":47}},"loc":{"start":{"line":18,"column":57},"end":{"line":18,"column":74}},"line":18},"4":{"name":"(anonymous_4)","decl":{"start":{"line":20,"column":31},"end":{"line":20,"column":32}},"loc":{"start":{"line":20,"column":40},"end":{"line":24,"column":2}},"line":20},"5":{"name":"(anonymous_5)","decl":{"start":{"line":29,"column":37},"end":{"line":29,"column":38}},"loc":{"start":{"line":29,"column":63},"end":{"line":34,"column":1}},"line":29},"6":{"name":"(anonymous_6)","decl":{"start":{"line":30,"column":32},"end":{"line":30,"column":33}},"loc":{"start":{"line":30,"column":53},"end":{"line":32,"column":2}},"line":30}},"branchMap":{"0":{"loc":{"start":{"line":10,"column":40},"end":{"line":10,"column":53}},"type":"default-arg","locations":[{"start":{"line":10,"column":51},"end":{"line":10,"column":53}}],"line":10},"1":{"loc":{"start":{"line":12,"column":1},"end":{"line":14,"column":2}},"type":"if","locations":[{"start":{"line":12,"column":1},"end":{"line":14,"column":2}},{"start":{"line":12,"column":1},"end":{"line":14,"column":2}}],"line":12},"2":{"loc":{"start":{"line":21,"column":2},"end":{"line":23,"column":3}},"type":"if","locations":[{"start":{"line":21,"column":2},"end":{"line":23,"column":3}},{"start":{"line":21,"column":2},"end":{"line":23,"column":3}}],"line":21},"3":{"loc":{"start":{"line":21,"column":6},"end":{"line":21,"column":62}},"type":"binary-expr","locations":[{"start":{"line":21,"column":6},"end":{"line":21,"column":33}},{"start":{"line":21,"column":37},"end":{"line":21,"column":62}}],"line":21}},"s":{"0":2,"1":3,"2":3,"3":3,"4":3,"5":2,"6":5,"7":2,"8":5,"9":3,"10":5,"11":6,"12":5,"13":7,"14":2,"15":5,"16":2,"17":21,"18":2,"19":21},"f":{"0":3,"1":5,"2":3,"3":6,"4":7,"5":21,"6":2},"b":{"0":[3],"1":[2,3],"2":[2,5],"3":[7,5]},"_coverageSchema":"332fd63041d2c1bcb487cc26dd0d5f7d97098a6c","hash":"1780c6c841437d65b77a2c7e6e5050437ae5f05d"}
,"/Users/trevorlitsey/Documents/code/2 projects/boilerplate/src/styles/components.js": {"path":"/Users/trevorlitsey/Documents/code/2 projects/boilerplate/src/styles/components.js","statementMap":{"0":{"start":{"line":3,"column":23},"end":{"line":5,"column":1}},"1":{"start":{"line":7,"column":18},"end":{"line":10,"column":1}},"2":{"start":{"line":12,"column":22},"end":{"line":18,"column":1}},"3":{"start":{"line":20,"column":18},"end":{"line":23,"column":1}}},"fnMap":{},"branchMap":{},"s":{"0":4,"1":4,"2":4,"3":4},"f":{},"b":{},"_coverageSchema":"332fd63041d2c1bcb487cc26dd0d5f7d97098a6c","hash":"bbc23a4169b4042327bdc120495644d3bdfe7561"}
}
