TN:
SF:/Users/trevorlitsey/Documents/code/2 projects/boilerplate/testConfig.js
FNF:0
FNH:0
DA:4,19
LF:1
LH:1
BRF:0
BRH:0
end_of_record
TN:
SF:/Users/trevorlitsey/Documents/code/2 projects/boilerplate/sampleData/dropResult.js
FNF:0
FNH:0
DA:1,7
LF:1
LH:1
BRF:0
BRH:0
end_of_record
TN:
SF:/Users/trevorlitsey/Documents/code/2 projects/boilerplate/sampleData/index.js
FNF:0
FNH:0
LF:0
LH:0
BRF:0
BRH:0
end_of_record
TN:
SF:/Users/trevorlitsey/Documents/code/2 projects/boilerplate/sampleData/preview.js
FNF:0
FNH:0
DA:1,7
LF:1
LH:1
BRF:0
BRH:0
end_of_record
TN:
SF:/Users/trevorlitsey/Documents/code/2 projects/boilerplate/sampleData/snippet.js
FNF:0
FNH:0
DA:1,7
LF:1
LH:1
BRF:0
BRH:0
end_of_record
TN:
SF:/Users/trevorlitsey/Documents/code/2 projects/boilerplate/sampleData/snippets.js
FNF:0
FNH:0
DA:1,7
LF:1
LH:1
BRF:0
BRH:0
end_of_record
TN:
SF:/Users/trevorlitsey/Documents/code/2 projects/boilerplate/sampleData/tags.js
FNF:0
FNH:0
DA:1,7
LF:1
LH:1
BRF:0
BRH:0
end_of_record
TN:
SF:/Users/trevorlitsey/Documents/code/2 projects/boilerplate/src/firebase.js
FN:19,(anonymous_0)
FN:20,(anonymous_1)
FN:22,(anonymous_2)
FN:27,(anonymous_3)
FN:28,(anonymous_4)
FN:33,(anonymous_5)
FN:34,(anonymous_6)
FN:36,(anonymous_7)
FNF:8
FNH:0
FNDA:0,(anonymous_0)
FNDA:0,(anonymous_1)
FNDA:0,(anonymous_2)
FNDA:0,(anonymous_3)
FNDA:0,(anonymous_4)
FNDA:0,(anonymous_5)
FNDA:0,(anonymous_6)
FNDA:0,(anonymous_7)
DA:5,5
DA:14,5
DA:19,5
DA:20,0
DA:23,0
DA:27,5
DA:28,0
DA:29,0
DA:33,5
DA:34,0
DA:37,0
DA:41,5
LF:12
LH:6
BRF:0
BRH:0
end_of_record
TN:
SF:/Users/trevorlitsey/Documents/code/2 projects/boilerplate/src/components/layout/Footer.js
FN:10,(anonymous_0)
FNF:1
FNH:1
FNDA:1,(anonymous_0)
DA:5,5
DA:10,5
DA:11,1
LF:3
LH:3
BRF:0
BRH:0
end_of_record
TN:
SF:/Users/trevorlitsey/Documents/code/2 projects/boilerplate/src/components/layout/Layout.js
FN:15,(anonymous_0)
FNF:1
FNH:1
FNDA:1,(anonymous_0)
DA:8,4
DA:15,4
DA:16,1
DA:25,4
LF:4
LH:4
BRF:0
BRH:0
end_of_record
TN:
SF:/Users/trevorlitsey/Documents/code/2 projects/boilerplate/src/components/layout/Nav.js
FN:16,(anonymous_0)
FNF:1
FNH:1
FNDA:2,(anonymous_0)
DA:10,5
DA:16,5
DA:18,2
DA:20,2
DA:21,2
DA:23,2
DA:45,5
LF:7
LH:7
BRDA:29,0,0,2
BRDA:29,0,1,0
BRDA:32,1,0,2
BRDA:32,1,1,2
BRDA:38,2,0,1
BRDA:38,2,1,1
BRDA:38,3,0,2
BRDA:38,3,1,1
BRF:8
BRH:7
end_of_record
TN:
SF:/Users/trevorlitsey/Documents/code/2 projects/boilerplate/src/components/layout/index.js
FNF:0
FNH:0
LF:0
LH:0
BRF:0
BRH:0
end_of_record
TN:
SF:/Users/trevorlitsey/Documents/code/2 projects/boilerplate/src/components/preview/Document.js
FN:38,(anonymous_0)
FN:66,(anonymous_1)
FNF:2
FNH:2
FNDA:4,(anonymous_0)
FNDA:4,(anonymous_1)
DA:8,2
DA:40,4
DA:42,4
DA:43,1
DA:52,3
DA:53,1
DA:63,2
DA:67,4
LF:8
LH:8
BRDA:42,0,0,1
BRDA:42,0,1,3
BRDA:52,1,0,1
BRDA:52,1,1,2
BRDA:52,2,0,3
BRDA:52,2,1,3
BRF:6
BRH:6
end_of_record
TN:
SF:/Users/trevorlitsey/Documents/code/2 projects/boilerplate/src/components/preview/Jumbotron.js
FN:36,(anonymous_0)
FNF:1
FNH:1
FNDA:4,(anonymous_0)
DA:8,2
DA:36,2
DA:38,4
DA:41,4
DA:52,4
DA:53,1
DA:61,3
DA:62,2
DA:77,1
DA:89,2
LF:10
LH:10
BRDA:52,0,0,1
BRDA:52,0,1,3
BRDA:61,1,0,2
BRDA:61,1,1,1
BRF:4
BRH:4
end_of_record
TN:
SF:/Users/trevorlitsey/Documents/code/2 projects/boilerplate/src/components/preview/Section.js
FN:22,(anonymous_0)
FNF:1
FNH:1
FNDA:2,(anonymous_0)
DA:5,3
DA:24,2
DA:26,2
LF:3
LH:3
BRF:0
BRH:0
end_of_record
TN:
SF:/Users/trevorlitsey/Documents/code/2 projects/boilerplate/src/components/preview/index.js
FNF:0
FNH:0
LF:0
LH:0
BRF:0
BRH:0
end_of_record
TN:
SF:/Users/trevorlitsey/Documents/code/2 projects/boilerplate/src/components/preview/dragAndDrop/PreviewDragAndDrop.js
FN:25,(anonymous_0)
FN:33,(anonymous_1)
FN:53,(anonymous_2)
FN:70,(anonymous_3)
FN:77,(anonymous_4)
FN:87,(anonymous_5)
FNF:6
FNH:1
FNDA:3,(anonymous_0)
FNDA:0,(anonymous_1)
FNDA:0,(anonymous_2)
FNDA:0,(anonymous_3)
FNDA:0,(anonymous_4)
FNDA:0,(anonymous_5)
DA:12,2
DA:27,3
DA:29,3
DA:30,1
DA:34,0
DA:49,2
DA:50,1
DA:54,0
DA:67,1
DA:71,0
DA:79,0
DA:81,0
DA:83,0
DA:85,0
DA:88,0
LF:15
LH:7
BRDA:29,0,0,1
BRDA:29,0,1,2
BRDA:49,1,0,1
BRDA:49,1,1,1
BRDA:49,2,0,2
BRDA:49,2,1,2
BRDA:77,3,0,0
BRDA:77,3,1,0
BRDA:81,4,0,0
BRDA:81,4,1,0
BRDA:99,5,0,0
BRDA:99,5,1,0
BRF:12
BRH:6
end_of_record
TN:
SF:/Users/trevorlitsey/Documents/code/2 projects/boilerplate/src/components/preview/dragAndDrop/SnippetDragAndDrop.js
FN:27,(anonymous_0)
FN:34,(anonymous_1)
FN:50,(anonymous_2)
FN:66,(anonymous_3)
FN:73,(anonymous_4)
FN:81,(anonymous_5)
FNF:6
FNH:1
FNDA:3,(anonymous_0)
FNDA:0,(anonymous_1)
FNDA:0,(anonymous_2)
FNDA:0,(anonymous_3)
FNDA:0,(anonymous_4)
FNDA:0,(anonymous_5)
DA:14,2
DA:29,3
DA:31,3
DA:32,1
DA:35,0
DA:47,2
DA:48,1
DA:51,0
DA:63,1
DA:67,0
DA:75,0
DA:77,0
DA:79,0
DA:82,0
LF:14
LH:7
BRDA:31,0,0,1
BRDA:31,0,1,2
BRDA:47,1,0,1
BRDA:47,1,1,1
BRDA:47,2,0,2
BRDA:47,2,1,2
BRDA:73,3,0,0
BRDA:73,3,1,0
BRDA:85,4,0,0
BRDA:85,4,1,0
BRF:10
BRH:6
end_of_record
TN:
SF:/Users/trevorlitsey/Documents/code/2 projects/boilerplate/src/components/preview/dragAndDrop/styles.js
FN:9,(anonymous_0)
FN:18,(anonymous_1)
FN:25,(anonymous_2)
FN:31,(anonymous_3)
FN:40,(anonymous_4)
FNF:5
FNH:0
FNDA:0,(anonymous_0)
FNDA:0,(anonymous_1)
FNDA:0,(anonymous_2)
FNDA:0,(anonymous_3)
FNDA:0,(anonymous_4)
DA:1,3
DA:3,3
DA:9,3
DA:18,3
DA:25,3
DA:31,3
DA:40,3
LF:7
LH:7
BRDA:10,0,0,0
BRDA:10,0,1,0
BRF:2
BRH:0
end_of_record
TN:
SF:/Users/trevorlitsey/Documents/code/2 projects/boilerplate/src/components/shared/Spinner.js
FN:17,(anonymous_0)
FNF:1
FNH:1
FNDA:1,(anonymous_0)
DA:6,8
DA:17,8
DA:18,1
LF:3
LH:3
BRF:0
BRH:0
end_of_record
TN:
SF:/Users/trevorlitsey/Documents/code/2 projects/boilerplate/src/components/shared/index.js
FNF:0
FNH:0
LF:0
LH:0
BRF:0
BRH:0
end_of_record
TN:
SF:/Users/trevorlitsey/Documents/code/2 projects/boilerplate/src/components/snippets/Card.js
FN:13,(anonymous_0)
FN:17,(anonymous_1)
FN:22,(anonymous_2)
FN:24,(anonymous_3)
FNF:4
FNH:4
FNDA:1,(anonymous_0)
FNDA:6,(anonymous_1)
FNDA:1,(anonymous_2)
FNDA:18,(anonymous_3)
DA:5,3
DA:7,3
DA:13,3
DA:14,1
DA:17,3
DA:18,6
DA:22,1
DA:24,18
DA:30,3
LF:9
LH:9
BRDA:20,0,0,1
BRDA:20,0,1,5
BRDA:24,1,0,6
BRDA:24,1,1,6
BRF:4
BRH:4
end_of_record
TN:
SF:/Users/trevorlitsey/Documents/code/2 projects/boilerplate/src/components/snippets/NewSnippetButton.js
FN:23,(anonymous_0)
FNF:1
FNH:1
FNDA:2,(anonymous_0)
DA:5,2
DA:18,2
DA:23,2
DA:24,2
DA:29,2
LF:5
LH:5
BRF:0
BRH:0
end_of_record
TN:
SF:/Users/trevorlitsey/Documents/code/2 projects/boilerplate/src/components/snippets/SearchBar.js
FN:23,(anonymous_0)
FNF:1
FNH:1
FNDA:2,(anonymous_0)
DA:7,2
DA:23,2
DA:24,2
DA:40,2
LF:4
LH:4
BRF:0
BRH:0
end_of_record
TN:
SF:/Users/trevorlitsey/Documents/code/2 projects/boilerplate/src/components/snippets/SignInMessage.js
FN:22,(anonymous_0)
FNF:1
FNH:1
FNDA:1,(anonymous_0)
DA:6,2
DA:22,2
DA:23,1
LF:3
LH:3
BRF:0
BRH:0
end_of_record
TN:
SF:/Users/trevorlitsey/Documents/code/2 projects/boilerplate/src/components/snippets/SnippetModal.js
FN:27,(anonymous_0)
FN:43,(anonymous_1)
FN:47,(anonymous_2)
FN:55,(anonymous_3)
FN:59,(anonymous_4)
FN:81,(anonymous_5)
FN:90,(anonymous_6)
FN:96,(anonymous_7)
FN:112,(anonymous_8)
FNF:9
FNH:8
FNDA:9,(anonymous_0)
FNDA:1,(anonymous_1)
FNDA:1,(anonymous_2)
FNDA:1,(anonymous_3)
FNDA:4,(anonymous_4)
FNDA:3,(anonymous_5)
FNDA:16,(anonymous_6)
FNDA:48,(anonymous_7)
FNDA:0,(anonymous_8)
DA:11,2
DA:29,9
DA:31,9
DA:44,1
DA:48,1
DA:49,1
DA:50,1
DA:51,1
DA:52,1
DA:56,1
DA:60,4
DA:61,4
DA:62,4
DA:63,2
DA:66,2
DA:73,2
DA:77,2
DA:78,2
DA:82,3
DA:86,3
DA:87,3
DA:92,16
DA:93,16
DA:95,16
DA:96,48
DA:98,16
DA:100,16
DA:112,0
LF:28
LH:27
BRDA:29,0,0,0
BRDA:29,0,1,9
BRDA:29,1,0,9
BRDA:29,1,1,9
BRDA:32,2,0,9
BRDA:32,2,1,3
BRDA:62,3,0,2
BRDA:62,3,1,2
BRDA:62,4,0,4
BRDA:62,4,1,3
BRDA:73,5,0,1
BRDA:73,5,1,1
BRDA:110,6,0,2
BRDA:110,6,1,14
BRDA:123,7,0,16
BRDA:123,7,1,16
BRDA:134,8,0,16
BRDA:134,8,1,16
BRDA:157,9,0,10
BRDA:157,9,1,6
BRDA:160,10,0,16
BRDA:160,10,1,10
BRF:22
BRH:21
end_of_record
TN:
SF:/Users/trevorlitsey/Documents/code/2 projects/boilerplate/src/components/snippets/SnippetWell.js
FN:35,(anonymous_0)
FN:38,(anonymous_1)
FN:55,(anonymous_2)
FN:78,(anonymous_3)
FN:79,(anonymous_4)
FNF:5
FNH:5
FNDA:12,(anonymous_0)
FNDA:9,(anonymous_1)
FNDA:5,(anonymous_2)
FNDA:12,(anonymous_3)
FNDA:9,(anonymous_4)
DA:10,2
DA:22,2
DA:35,2
DA:37,12
DA:39,9
DA:44,12
DA:46,12
DA:48,12
DA:49,9
DA:55,2
DA:57,5
DA:58,1
DA:65,4
DA:66,1
DA:75,3
DA:78,12
DA:80,9
DA:86,2
LF:18
LH:18
BRDA:48,0,0,9
BRDA:48,0,1,3
BRDA:48,1,0,12
BRDA:48,1,1,10
BRDA:48,1,2,3
BRDA:57,2,0,1
BRDA:57,2,1,4
BRDA:65,3,0,1
BRDA:65,3,1,3
BRF:9
BRH:9
end_of_record
TN:
SF:/Users/trevorlitsey/Documents/code/2 projects/boilerplate/src/components/snippets/index.js
FNF:0
FNH:0
LF:0
LH:0
BRF:0
BRH:0
end_of_record
TN:
SF:/Users/trevorlitsey/Documents/code/2 projects/boilerplate/src/pages/Index.js
FN:45,(anonymous_0)
FN:47,(anonymous_1)
FN:56,(anonymous_2)
FN:79,(anonymous_3)
FN:85,(anonymous_4)
FN:89,(anonymous_5)
FN:103,(anonymous_6)
FN:111,(anonymous_7)
FN:120,(anonymous_8)
FNF:9
FNH:7
FNDA:6,(anonymous_0)
FNDA:6,(anonymous_1)
FNDA:0,(anonymous_2)
FNDA:0,(anonymous_3)
FNDA:6,(anonymous_4)
FNDA:1,(anonymous_5)
FNDA:2,(anonymous_6)
FNDA:2,(anonymous_7)
FNDA:20,(anonymous_8)
DA:13,1
DA:47,6
DA:49,6
DA:51,6
DA:53,0
DA:55,0
DA:57,0
DA:60,6
DA:61,6
DA:75,6
DA:76,6
DA:80,0
DA:81,0
DA:82,0
DA:86,6
DA:90,1
DA:91,1
DA:93,1
DA:100,1
DA:104,2
DA:105,1
DA:107,1
DA:113,2
DA:115,1
DA:117,1
DA:122,20
DA:131,20
DA:133,20
DA:135,20
DA:137,20
DA:138,7
DA:145,13
LF:32
LH:26
BRDA:51,0,0,0
BRDA:51,0,1,6
BRDA:60,1,0,6
BRDA:60,1,1,0
BRDA:81,2,0,0
BRDA:81,2,1,0
BRDA:96,3,0,1
BRDA:96,3,1,0
BRDA:97,4,0,1
BRDA:97,4,1,0
BRDA:104,5,0,1
BRDA:104,5,1,1
BRDA:113,6,0,1
BRDA:113,6,1,1
BRDA:137,7,0,7
BRDA:137,7,1,13
BRDA:148,8,0,13
BRDA:148,8,1,11
BRF:18
BRH:12
end_of_record
TN:
SF:/Users/trevorlitsey/Documents/code/2 projects/boilerplate/src/pages/NotFound.js
FN:6,(anonymous_0)
FNF:1
FNH:1
FNDA:1,(anonymous_0)
DA:6,1
DA:7,1
LF:2
LH:2
BRF:0
BRH:0
end_of_record
TN:
SF:/Users/trevorlitsey/Documents/code/2 projects/boilerplate/src/pages/Snippets.js
FN:26,(anonymous_0)
FN:28,(anonymous_1)
FN:34,(anonymous_2)
FN:47,(anonymous_3)
FN:52,(anonymous_4)
FN:56,(anonymous_5)
FN:60,(anonymous_6)
FN:66,(anonymous_7)
FN:72,(anonymous_8)
FN:83,(anonymous_9)
FN:90,(anonymous_10)
FN:94,(anonymous_11)
FNF:12
FNH:10
FNDA:10,(anonymous_0)
FNDA:10,(anonymous_1)
FNDA:0,(anonymous_2)
FNDA:0,(anonymous_3)
FNDA:1,(anonymous_4)
FNDA:2,(anonymous_5)
FNDA:1,(anonymous_6)
FNDA:1,(anonymous_7)
FNDA:1,(anonymous_8)
FNDA:1,(anonymous_9)
FNDA:1,(anonymous_10)
FNDA:27,(anonymous_11)
DA:28,10
DA:29,10
DA:31,10
DA:32,0
DA:33,0
DA:35,0
DA:36,0
DA:37,0
DA:39,0
DA:42,10
DA:48,0
DA:49,0
DA:53,1
DA:57,2
DA:61,1
DA:62,1
DA:63,1
DA:67,1
DA:68,1
DA:69,1
DA:73,1
DA:74,1
DA:75,1
DA:76,1
DA:78,1
DA:79,1
DA:84,1
DA:85,1
DA:86,1
DA:87,1
DA:91,1
DA:96,27
DA:105,27
DA:107,27
DA:108,1
DA:115,26
DA:116,11
DA:123,15
LF:38
LH:30
BRDA:16,0,0,10
BRDA:16,0,1,1
BRDA:22,1,0,10
BRDA:22,1,1,1
BRDA:31,2,0,0
BRDA:31,2,1,10
BRDA:35,3,0,0
BRDA:35,3,1,0
BRDA:42,4,0,10
BRDA:42,4,1,0
BRDA:48,5,0,0
BRDA:48,5,1,0
BRDA:52,6,0,1
BRDA:60,7,0,0
BRDA:78,8,0,1
BRDA:78,8,1,0
BRDA:83,9,0,0
BRDA:107,10,0,1
BRDA:107,10,1,26
BRDA:115,11,0,11
BRDA:115,11,1,15
BRDA:115,12,0,26
BRDA:115,12,1,26
BRDA:115,12,2,16
BRDA:134,13,0,1
BRDA:134,13,1,14
BRDA:134,14,0,15
BRDA:134,14,1,1
BRF:28
BRH:19
end_of_record
TN:
SF:/Users/trevorlitsey/Documents/code/2 projects/boilerplate/src/pages/helpers.js
FN:1,(anonymous_0)
FN:10,(anonymous_1)
FN:17,(anonymous_2)
FN:18,(anonymous_3)
FN:20,(anonymous_4)
FN:29,(anonymous_5)
FN:30,(anonymous_6)
FNF:7
FNH:7
FNDA:3,(anonymous_0)
FNDA:5,(anonymous_1)
FNDA:3,(anonymous_2)
FNDA:6,(anonymous_3)
FNDA:7,(anonymous_4)
FNDA:21,(anonymous_5)
FNDA:2,(anonymous_6)
DA:1,2
DA:2,3
DA:4,3
DA:5,3
DA:7,3
DA:10,2
DA:12,5
DA:13,2
DA:17,5
DA:18,6
DA:20,5
DA:21,7
DA:22,2
DA:26,5
DA:29,2
DA:30,21
DA:31,2
DA:33,21
LF:18
LH:18
BRDA:10,0,0,3
BRDA:12,1,0,2
BRDA:12,1,1,3
BRDA:21,2,0,2
BRDA:21,2,1,5
BRDA:21,3,0,7
BRDA:21,3,1,5
BRF:7
BRH:7
end_of_record
TN:
SF:/Users/trevorlitsey/Documents/code/2 projects/boilerplate/src/styles/components.js
FNF:0
FNH:0
DA:3,4
DA:7,4
DA:12,4
DA:20,4
LF:4
LH:4
BRF:0
BRH:0
end_of_record
